TN:
SF:src/App.jsx
FN:23,(anonymous_0)
FN:25,(anonymous_1)
FN:28,(anonymous_2)
FN:30,(anonymous_3)
FN:33,(anonymous_4)
FN:36,(anonymous_5)
FN:38,(anonymous_6)
FN:41,(anonymous_7)
FN:43,(anonymous_8)
FN:46,(anonymous_9)
FN:48,(anonymous_10)
FN:50,(anonymous_11)
FN:53,(anonymous_12)
FN:55,(anonymous_13)
FN:58,(anonymous_14)
FN:60,(anonymous_15)
FN:63,(anonymous_16)
FN:66,(anonymous_17)
FN:68,(anonymous_18)
FN:71,(anonymous_19)
FN:73,(anonymous_20)
FN:76,(anonymous_21)
FN:78,(anonymous_22)
FN:80,(anonymous_23)
FN:83,(anonymous_24)
FN:86,(anonymous_25)
FN:88,(anonymous_26)
FN:90,(anonymous_27)
FN:95,(anonymous_28)
FN:200,(anonymous_29)
FN:212,(anonymous_30)
FN:221,App
FNF:32
FNH:0
FNDA:0,(anonymous_0)
FNDA:0,(anonymous_1)
FNDA:0,(anonymous_2)
FNDA:0,(anonymous_3)
FNDA:0,(anonymous_4)
FNDA:0,(anonymous_5)
FNDA:0,(anonymous_6)
FNDA:0,(anonymous_7)
FNDA:0,(anonymous_8)
FNDA:0,(anonymous_9)
FNDA:0,(anonymous_10)
FNDA:0,(anonymous_11)
FNDA:0,(anonymous_12)
FNDA:0,(anonymous_13)
FNDA:0,(anonymous_14)
FNDA:0,(anonymous_15)
FNDA:0,(anonymous_16)
FNDA:0,(anonymous_17)
FNDA:0,(anonymous_18)
FNDA:0,(anonymous_19)
FNDA:0,(anonymous_20)
FNDA:0,(anonymous_21)
FNDA:0,(anonymous_22)
FNDA:0,(anonymous_23)
FNDA:0,(anonymous_24)
FNDA:0,(anonymous_25)
FNDA:0,(anonymous_26)
FNDA:0,(anonymous_27)
FNDA:0,(anonymous_28)
FNDA:0,(anonymous_29)
FNDA:0,(anonymous_30)
FNDA:0,App
DA:23,0
DA:24,0
DA:25,0
DA:28,0
DA:29,0
DA:30,0
DA:33,0
DA:34,0
DA:36,0
DA:38,0
DA:39,0
DA:41,0
DA:43,0
DA:44,0
DA:46,0
DA:48,0
DA:49,0
DA:50,0
DA:53,0
DA:54,0
DA:55,0
DA:58,0
DA:59,0
DA:60,0
DA:63,0
DA:64,0
DA:66,0
DA:68,0
DA:69,0
DA:71,0
DA:73,0
DA:74,0
DA:76,0
DA:78,0
DA:79,0
DA:80,0
DA:83,0
DA:84,0
DA:86,0
DA:88,0
DA:89,0
DA:90,0
DA:95,0
DA:96,0
DA:201,0
DA:212,0
DA:213,0
DA:222,0
LF:48
LH:0
BRF:0
BRH:0
end_of_record
TN:
SF:src/login-entry.jsx
FNF:0
FNH:0
DA:18,0
DA:20,0
LF:2
LH:0
BRF:0
BRH:0
end_of_record
TN:
SF:src/setup.js
FN:29,(anonymous_0)
FN:30,(anonymous_1)
FN:31,(anonymous_2)
FN:32,(anonymous_3)
FN:33,(anonymous_4)
FN:34,(anonymous_5)
FN:45,(anonymous_6)
FN:58,(anonymous_7)
FN:59,(anonymous_8)
FN:60,(anonymous_9)
FN:66,(anonymous_10)
FN:70,(anonymous_11)
FN:129,(anonymous_12)
FN:163,(anonymous_13)
FN:181,(anonymous_14)
FN:200,(anonymous_15)
FN:218,(anonymous_16)
FN:235,(anonymous_17)
FN:246,(anonymous_18)
FN:284,(anonymous_19)
FN:325,(anonymous_20)
FNF:21
FNH:0
FNDA:0,(anonymous_0)
FNDA:0,(anonymous_1)
FNDA:0,(anonymous_2)
FNDA:0,(anonymous_3)
FNDA:0,(anonymous_4)
FNDA:0,(anonymous_5)
FNDA:0,(anonymous_6)
FNDA:0,(anonymous_7)
FNDA:0,(anonymous_8)
FNDA:0,(anonymous_9)
FNDA:0,(anonymous_10)
FNDA:0,(anonymous_11)
FNDA:0,(anonymous_12)
FNDA:0,(anonymous_13)
FNDA:0,(anonymous_14)
FNDA:0,(anonymous_15)
FNDA:0,(anonymous_16)
FNDA:0,(anonymous_17)
FNDA:0,(anonymous_18)
FNDA:0,(anonymous_19)
FNDA:0,(anonymous_20)
DA:10,0
DA:11,0
DA:12,0
DA:13,0
DA:16,0
DA:28,0
DA:29,0
DA:30,0
DA:31,0
DA:32,0
DA:33,0
DA:35,0
DA:39,0
DA:45,0
DA:46,0
DA:47,0
DA:52,0
DA:54,0
DA:58,0
DA:59,0
DA:60,0
DA:61,0
DA:66,0
DA:67,0
DA:70,0
DA:71,0
DA:73,0
DA:74,0
DA:77,0
DA:78,0
DA:79,0
DA:83,0
DA:121,0
DA:122,0
DA:123,0
DA:125,0
DA:129,0
DA:130,0
DA:133,0
DA:134,0
DA:137,0
DA:141,0
DA:142,0
DA:143,0
DA:144,0
DA:145,0
DA:147,0
DA:150,0
DA:151,0
DA:154,0
DA:155,0
DA:156,0
DA:158,0
DA:160,0
DA:163,0
DA:164,0
DA:166,0
DA:167,0
DA:168,0
DA:172,0
DA:175,0
DA:181,0
DA:182,0
DA:183,0
DA:188,0
DA:189,0
DA:192,0
DA:193,0
DA:196,0
DA:197,0
DA:200,0
DA:201,0
DA:203,0
DA:204,0
DA:205,0
DA:208,0
DA:209,0
DA:210,0
DA:211,0
DA:213,0
DA:214,0
DA:218,0
DA:219,0
DA:221,0
DA:235,0
DA:236,0
DA:237,0
DA:238,0
DA:239,0
DA:243,0
DA:246,0
DA:247,0
DA:249,0
DA:284,0
DA:285,0
DA:287,0
DA:289,0
DA:292,0
DA:293,0
DA:294,0
DA:295,0
DA:299,0
DA:302,0
DA:303,0
DA:304,0
DA:310,0
DA:311,0
DA:315,0
DA:317,0
DA:318,0
DA:320,0
DA:325,0
DA:326,0
DA:327,0
DA:328,0
DA:332,0
DA:333,0
DA:336,0
LF:118
LH:0
BRDA:45,0,0,0
BRDA:73,1,0,0
BRDA:73,1,1,0
BRDA:77,2,0,0
BRDA:77,2,1,0
BRDA:133,3,0,0
BRDA:133,3,1,0
BRDA:143,4,0,0
BRDA:143,4,1,0
BRDA:154,5,0,0
BRDA:154,5,1,0
BRDA:166,6,0,0
BRDA:166,6,1,0
BRDA:184,7,0,0
BRDA:184,7,1,0
BRDA:188,8,0,0
BRDA:188,8,1,0
BRDA:203,9,0,0
BRDA:203,9,1,0
BRDA:209,10,0,0
BRDA:209,10,1,0
BRDA:237,11,0,0
BRDA:237,11,1,0
BRDA:293,12,0,0
BRDA:293,12,1,0
BRDA:303,13,0,0
BRDA:303,13,1,0
BRDA:310,14,0,0
BRDA:310,14,1,0
BRDA:332,15,0,0
BRDA:332,15,1,0
BRF:31
BRH:0
end_of_record
TN:
SF:src/__fixtures__/mockData.js
FNF:0
FNH:0
DA:7,0
DA:16,0
DA:37,0
DA:38,0
DA:40,0
DA:48,0
DA:50,0
DA:61,0
DA:86,0
DA:112,0
DA:132,0
DA:156,0
DA:176,0
DA:187,0
DA:201,0
DA:224,0
DA:249,0
DA:257,0
DA:268,0
DA:276,0
LF:20
LH:0
BRF:0
BRH:0
end_of_record
TN:
SF:src/components/Common/ErrorBoundary.jsx
FN:6,(anonymous_0)
FN:11,(anonymous_1)
FN:16,(anonymous_2)
FN:40,(anonymous_3)
FN:44,(anonymous_4)
FN:60,(anonymous_5)
FN:68,(anonymous_6)
FN:84,(anonymous_7)
FNF:8
FNH:5
FNDA:39,(anonymous_0)
FNDA:30,(anonymous_1)
FNDA:15,(anonymous_2)
FNDA:1,(anonymous_3)
FNDA:0,(anonymous_4)
FNDA:0,(anonymous_5)
FNDA:86,(anonymous_6)
FNDA:0,(anonymous_7)
DA:7,39
DA:8,38
DA:13,30
DA:18,15
DA:24,15
DA:25,0
DA:35,15
DA:40,38
DA:41,1
DA:44,38
DA:46,0
DA:56,0
DA:62,0
DA:63,0
DA:64,0
DA:69,86
DA:71,47
DA:84,0
DA:123,39
LF:19
LH:12
BRDA:24,0,0,0
BRDA:24,0,1,15
BRDA:35,1,0,0
BRDA:35,1,1,15
BRDA:35,2,0,15
BRDA:35,2,1,15
BRDA:69,3,0,47
BRDA:69,3,1,39
BRDA:89,4,0,47
BRDA:89,4,1,3
BRDA:89,4,2,44
BRDA:89,4,3,16
BRF:12
BRH:10
end_of_record
TN:
SF:src/components/Common/LazyImage.jsx
FN:7,(anonymous_0)
FNF:1
FNH:0
FNDA:0,(anonymous_0)
DA:7,0
DA:16,0
LF:2
LH:0
BRDA:9,0,0,0
BRDA:10,1,0,0
BRDA:11,2,0,0
BRDA:12,3,0,0
BRDA:13,4,0,0
BRF:5
BRH:0
end_of_record
TN:
SF:src/components/Common/Loading.jsx
FN:3,(anonymous_0)
FNF:1
FNH:0
FNDA:0,(anonymous_0)
DA:3,0
DA:9,0
DA:15,0
DA:23,0
DA:27,0
LF:5
LH:0
BRDA:3,0,0,0
BRDA:4,1,0,0
BRDA:5,2,0,0
BRDA:6,3,0,0
BRDA:7,4,0,0
BRDA:23,5,0,0
BRDA:23,5,1,0
BRDA:37,6,0,0
BRDA:37,6,1,0
BRF:9
BRH:0
end_of_record
TN:
SF:src/components/Common/LoadingSpinner.jsx
FN:3,(anonymous_0)
FN:79,(anonymous_1)
FN:95,(anonymous_2)
FN:143,(anonymous_3)
FN:145,(anonymous_4)
FNF:5
FNH:0
FNDA:0,(anonymous_0)
FNDA:0,(anonymous_1)
FNDA:0,(anonymous_2)
FNDA:0,(anonymous_3)
FNDA:0,(anonymous_4)
DA:3,0
DA:9,0
DA:15,0
DA:17,0
DA:27,0
DA:48,0
DA:79,0
DA:80,0
DA:95,0
DA:96,0
DA:143,0
DA:144,0
DA:146,0
LF:13
LH:0
BRDA:4,0,0,0
BRDA:5,1,0,0
BRDA:6,2,0,0
BRDA:7,3,0,0
BRDA:15,4,0,0
BRDA:15,4,1,0
BRDA:27,5,0,0
BRDA:27,5,1,0
BRDA:51,6,0,0
BRDA:51,6,1,0
BRDA:56,7,0,0
BRDA:56,7,1,0
BRDA:79,8,0,0
BRDA:79,9,0,0
BRDA:95,10,0,0
BRDA:143,11,0,0
BRDA:143,12,0,0
BRDA:154,13,0,0
BRDA:154,13,1,0
BRF:19
BRH:0
end_of_record
TN:
SF:src/components/Common/Notification.jsx
FN:3,(anonymous_0)
FN:15,(anonymous_1)
FN:22,(anonymous_2)
FN:27,(anonymous_3)
FN:30,(anonymous_4)
FN:31,(anonymous_5)
FN:41,(anonymous_6)
FN:44,(anonymous_7)
FN:105,(anonymous_8)
FN:160,(anonymous_9)
FN:161,(anonymous_10)
FN:200,(anonymous_11)
FN:203,(anonymous_12)
FN:208,(anonymous_13)
FN:211,(anonymous_14)
FN:215,(anonymous_15)
FN:221,(anonymous_16)
FN:222,(anonymous_17)
FN:222,(anonymous_18)
FN:225,(anonymous_19)
FN:234,(anonymous_20)
FN:244,(anonymous_21)
FN:253,(anonymous_22)
FN:273,(anonymous_23)
FN:280,(anonymous_24)
FN:289,(anonymous_25)
FN:292,(anonymous_26)
FN:301,(anonymous_27)
FN:313,(anonymous_28)
FN:315,(anonymous_29)
FN:317,(anonymous_30)
FN:319,(anonymous_31)
FNF:32
FNH:0
FNDA:0,(anonymous_0)
FNDA:0,(anonymous_1)
FNDA:0,(anonymous_2)
FNDA:0,(anonymous_3)
FNDA:0,(anonymous_4)
FNDA:0,(anonymous_5)
FNDA:0,(anonymous_6)
FNDA:0,(anonymous_7)
FNDA:0,(anonymous_8)
FNDA:0,(anonymous_9)
FNDA:0,(anonymous_10)
FNDA:0,(anonymous_11)
FNDA:0,(anonymous_12)
FNDA:0,(anonymous_13)
FNDA:0,(anonymous_14)
FNDA:0,(anonymous_15)
FNDA:0,(anonymous_16)
FNDA:0,(anonymous_17)
FNDA:0,(anonymous_18)
FNDA:0,(anonymous_19)
FNDA:0,(anonymous_20)
FNDA:0,(anonymous_21)
FNDA:0,(anonymous_22)
FNDA:0,(anonymous_23)
FNDA:0,(anonymous_24)
FNDA:0,(anonymous_25)
FNDA:0,(anonymous_26)
FNDA:0,(anonymous_27)
FNDA:0,(anonymous_28)
FNDA:0,(anonymous_29)
FNDA:0,(anonymous_30)
FNDA:0,(anonymous_31)
DA:3,0
DA:12,0
DA:13,0
DA:15,0
DA:16,0
DA:17,0
DA:18,0
DA:22,0
DA:23,0
DA:24,0
DA:27,0
DA:28,0
DA:30,0
DA:31,0
DA:32,0
DA:33,0
DA:34,0
DA:35,0
DA:37,0
DA:41,0
DA:44,0
DA:45,0
DA:61,0
DA:75,0
DA:98,0
DA:105,0
DA:106,0
DA:112,0
DA:115,0
DA:117,0
DA:160,0
DA:161,0
DA:198,0
DA:200,0
DA:201,0
DA:203,0
DA:204,0
DA:205,0
DA:208,0
DA:211,0
DA:214,0
DA:215,0
DA:216,0
DA:221,0
DA:222,0
DA:225,0
DA:226,0
DA:234,0
DA:235,0
DA:244,0
DA:245,0
DA:253,0
DA:254,0
DA:262,0
DA:274,0
DA:280,0
DA:281,0
DA:282,0
DA:283,0
DA:285,0
DA:289,0
DA:290,0
DA:292,0
DA:293,0
DA:301,0
DA:302,0
DA:305,0
DA:309,0
DA:314,0
DA:316,0
DA:318,0
DA:320,0
LF:72
LH:0
BRDA:4,0,0,0
BRDA:7,1,0,0
BRDA:9,2,0,0
BRDA:10,3,0,0
BRDA:17,4,0,0
BRDA:17,4,1,0
BRDA:28,5,0,0
BRDA:28,5,1,0
BRDA:33,6,0,0
BRDA:33,6,1,0
BRDA:112,7,0,0
BRDA:112,7,1,0
BRDA:115,8,0,0
BRDA:115,8,1,0
BRDA:123,9,0,0
BRDA:123,9,1,0
BRDA:214,10,0,0
BRDA:214,10,1,0
BRDA:217,11,0,0
BRDA:217,11,1,0
BRDA:225,12,0,0
BRDA:234,13,0,0
BRDA:244,14,0,0
BRDA:253,15,0,0
BRDA:282,16,0,0
BRDA:282,16,1,0
BRDA:292,17,0,0
BRDA:305,18,0,0
BRDA:305,18,1,0
BRF:29
BRH:0
end_of_record
TN:
SF:src/components/Common/PWAUpdatePrompt.jsx
FN:8,(anonymous_0)
FN:11,(anonymous_1)
FN:13,(anonymous_2)
FN:14,(anonymous_3)
FN:18,(anonymous_4)
FN:19,(anonymous_5)
FN:45,(anonymous_6)
FN:56,(anonymous_7)
FN:66,(anonymous_8)
FN:68,(anonymous_9)
FNF:10
FNH:0
FNDA:0,(anonymous_0)
FNDA:0,(anonymous_1)
FNDA:0,(anonymous_2)
FNDA:0,(anonymous_3)
FNDA:0,(anonymous_4)
FNDA:0,(anonymous_5)
FNDA:0,(anonymous_6)
FNDA:0,(anonymous_7)
FNDA:0,(anonymous_8)
FNDA:0,(anonymous_9)
DA:8,0
DA:9,0
DA:11,0
DA:12,0
DA:14,0
DA:15,0
DA:16,0
DA:17,0
DA:18,0
DA:19,0
DA:21,0
DA:22,0
DA:46,0
DA:47,0
DA:48,0
DA:57,0
DA:58,0
DA:66,0
DA:71,0
LF:19
LH:0
BRDA:21,0,0,0
BRDA:21,0,1,0
BRDA:21,1,0,0
BRDA:21,1,1,0
BRDA:39,2,0,0
BRDA:39,2,1,0
BRDA:41,3,0,0
BRDA:41,3,1,0
BRDA:71,4,0,0
BRDA:71,4,1,0
BRF:10
BRH:0
end_of_record
TN:
SF:src/components/Common/UIDemo.jsx
FN:10,(anonymous_0)
FN:15,(anonymous_1)
FN:17,(anonymous_2)
FN:33,(anonymous_3)
FN:39,(anonymous_4)
FN:45,(anonymous_5)
FN:51,(anonymous_6)
FN:151,(anonymous_7)
FN:162,(anonymous_8)
FNF:9
FNH:0
FNDA:0,(anonymous_0)
FNDA:0,(anonymous_1)
FNDA:0,(anonymous_2)
FNDA:0,(anonymous_3)
FNDA:0,(anonymous_4)
FNDA:0,(anonymous_5)
FNDA:0,(anonymous_6)
FNDA:0,(anonymous_7)
FNDA:0,(anonymous_8)
DA:10,0
DA:11,0
DA:12,0
DA:13,0
DA:15,0
DA:16,0
DA:17,0
DA:20,0
DA:33,0
DA:39,0
DA:45,0
DA:51,0
DA:151,0
DA:162,0
LF:14
LH:0
BRDA:66,0,0,0
BRDA:66,0,1,0
BRDA:70,1,0,0
BRDA:70,1,1,0
BRDA:156,2,0,0
BRDA:156,2,1,0
BRF:6
BRH:0
end_of_record
TN:
SF:src/components/Dashboard/Dashboard.jsx
FN:21,(anonymous_0)
FN:41,(anonymous_1)
FN:43,(anonymous_2)
FN:55,(anonymous_3)
FN:62,(anonymous_4)
FN:67,(anonymous_5)
FN:72,(anonymous_6)
FN:83,(anonymous_7)
FN:85,(anonymous_8)
FN:97,(anonymous_9)
FN:112,(anonymous_10)
FN:118,(anonymous_11)
FN:124,(anonymous_12)
FN:135,(anonymous_13)
FN:148,(anonymous_14)
FN:150,(anonymous_15)
FN:151,(anonymous_16)
FN:153,(anonymous_17)
FN:172,(anonymous_18)
FN:219,(anonymous_19)
FN:234,(anonymous_20)
FN:245,(anonymous_21)
FN:248,(anonymous_22)
FN:309,(anonymous_23)
FN:331,(anonymous_24)
FN:342,(anonymous_25)
FN:359,(anonymous_26)
FN:370,(anonymous_27)
FN:374,(anonymous_28)
FN:407,(anonymous_29)
FN:420,(anonymous_30)
FN:429,(anonymous_31)
FN:447,(anonymous_32)
FN:448,(anonymous_33)
FN:467,(anonymous_34)
FN:468,(anonymous_35)
FN:484,(anonymous_36)
FN:485,(anonymous_37)
FN:505,(anonymous_38)
FN:506,(anonymous_39)
FN:542,(anonymous_40)
FN:564,(anonymous_41)
FN:567,(anonymous_42)
FNF:43
FNH:0
FNDA:0,(anonymous_0)
FNDA:0,(anonymous_1)
FNDA:0,(anonymous_2)
FNDA:0,(anonymous_3)
FNDA:0,(anonymous_4)
FNDA:0,(anonymous_5)
FNDA:0,(anonymous_6)
FNDA:0,(anonymous_7)
FNDA:0,(anonymous_8)
FNDA:0,(anonymous_9)
FNDA:0,(anonymous_10)
FNDA:0,(anonymous_11)
FNDA:0,(anonymous_12)
FNDA:0,(anonymous_13)
FNDA:0,(anonymous_14)
FNDA:0,(anonymous_15)
FNDA:0,(anonymous_16)
FNDA:0,(anonymous_17)
FNDA:0,(anonymous_18)
FNDA:0,(anonymous_19)
FNDA:0,(anonymous_20)
FNDA:0,(anonymous_21)
FNDA:0,(anonymous_22)
FNDA:0,(anonymous_23)
FNDA:0,(anonymous_24)
FNDA:0,(anonymous_25)
FNDA:0,(anonymous_26)
FNDA:0,(anonymous_27)
FNDA:0,(anonymous_28)
FNDA:0,(anonymous_29)
FNDA:0,(anonymous_30)
FNDA:0,(anonymous_31)
FNDA:0,(anonymous_32)
FNDA:0,(anonymous_33)
FNDA:0,(anonymous_34)
FNDA:0,(anonymous_35)
FNDA:0,(anonymous_36)
FNDA:0,(anonymous_37)
FNDA:0,(anonymous_38)
FNDA:0,(anonymous_39)
FNDA:0,(anonymous_40)
FNDA:0,(anonymous_41)
FNDA:0,(anonymous_42)
DA:21,0
DA:22,0
DA:23,0
DA:24,0
DA:25,0
DA:26,0
DA:27,0
DA:28,0
DA:31,0
DA:41,0
DA:42,0
DA:43,0
DA:44,0
DA:46,0
DA:53,0
DA:54,0
DA:55,0
DA:58,0
DA:61,0
DA:62,0
DA:67,0
DA:68,0
DA:69,0
DA:72,0
DA:76,0
DA:78,0
DA:83,0
DA:84,0
DA:85,0
DA:89,0
DA:97,0
DA:98,0
DA:99,0
DA:103,0
DA:104,0
DA:106,0
DA:107,0
DA:112,0
DA:113,0
DA:114,0
DA:116,0
DA:118,0
DA:119,0
DA:120,0
DA:124,0
DA:125,0
DA:126,0
DA:129,0
DA:130,0
DA:131,0
DA:132,0
DA:135,0
DA:136,0
DA:137,0
DA:139,0
DA:140,0
DA:144,0
DA:148,0
DA:149,0
DA:150,0
DA:151,0
DA:152,0
DA:153,0
DA:154,0
DA:155,0
DA:161,0
DA:172,0
DA:173,0
DA:175,0
DA:219,0
DA:220,0
DA:222,0
DA:234,0
DA:246,0
DA:248,0
DA:309,0
DA:331,0
DA:342,0
DA:360,0
DA:371,0
DA:375,0
DA:408,0
DA:420,0
DA:421,0
DA:430,0
DA:448,0
DA:468,0
DA:485,0
DA:506,0
DA:542,0
DA:543,0
DA:545,0
DA:547,0
DA:550,0
DA:558,0
DA:565,0
DA:567,0
LF:97
LH:0
BRDA:53,0,0,0
BRDA:53,0,1,0
BRDA:114,1,0,0
BRDA:114,1,1,0
BRDA:119,2,0,0
BRDA:119,2,1,0
BRDA:129,3,0,0
BRDA:129,3,1,0
BRDA:131,4,0,0
BRDA:131,4,1,0
BRDA:154,5,0,0
BRDA:154,5,1,0
BRDA:184,6,0,0
BRDA:184,6,1,0
BRDA:194,7,0,0
BRDA:194,7,1,0
BRDA:204,8,0,0
BRDA:204,8,1,0
BRDA:214,9,0,0
BRDA:214,9,1,0
BRDA:250,10,0,0
BRDA:250,10,1,0
BRDA:257,11,0,0
BRDA:257,11,1,0
BRDA:282,12,0,0
BRDA:282,12,1,0
BRDA:287,13,0,0
BRDA:287,13,1,0
BRDA:292,14,0,0
BRDA:292,14,1,0
BRDA:301,15,0,0
BRDA:301,15,1,0
BRDA:312,16,0,0
BRDA:312,16,1,0
BRDA:317,17,0,0
BRDA:317,17,1,0
BRDA:348,18,0,0
BRDA:348,18,1,0
BRDA:357,19,0,0
BRDA:357,19,1,0
BRDA:387,20,0,0
BRDA:387,20,1,0
BRDA:404,21,0,0
BRDA:404,21,1,0
BRDA:437,22,0,0
BRDA:437,22,1,0
BRDA:438,23,0,0
BRDA:438,23,1,0
BRDA:439,24,0,0
BRDA:439,24,1,0
BRDA:440,25,0,0
BRDA:440,25,1,0
BRDA:497,26,0,0
BRDA:497,26,1,0
BRDA:504,27,0,0
BRDA:504,27,1,0
BRDA:518,28,0,0
BRDA:518,28,1,0
BRDA:521,29,0,0
BRDA:521,29,1,0
BRDA:543,30,0,0
BRDA:543,30,1,0
BRDA:543,30,2,0
BRDA:569,31,0,0
BRDA:569,31,1,0
BRF:65
BRH:0
end_of_record
TN:
SF:src/components/Dashboard/DemoDashboard.jsx
FN:3,(anonymous_0)
FN:6,(anonymous_1)
FN:16,(anonymous_2)
FN:186,(anonymous_3)
FNF:4
FNH:0
FNDA:0,(anonymous_0)
FNDA:0,(anonymous_1)
FNDA:0,(anonymous_2)
FNDA:0,(anonymous_3)
DA:3,0
DA:4,0
DA:6,0
DA:16,0
DA:17,0
DA:171,0
DA:186,0
LF:7
LH:0
BRDA:10,0,0,0
BRDA:10,0,1,0
BRDA:11,1,0,0
BRDA:11,1,1,0
BRDA:201,2,0,0
BRDA:201,2,1,0
BRF:6
BRH:0
end_of_record
TN:
SF:src/components/Dashboard/LiveDashboard.jsx
FN:37,(anonymous_0)
FN:40,(anonymous_1)
FN:40,(anonymous_2)
FN:41,(anonymous_3)
FN:85,(anonymous_4)
FN:87,(anonymous_5)
FN:98,(anonymous_6)
FN:99,(anonymous_7)
FN:112,(anonymous_8)
FN:119,(anonymous_9)
FN:125,(anonymous_10)
FN:130,(anonymous_11)
FN:317,(anonymous_12)
FN:364,(anonymous_13)
FN:438,(anonymous_14)
FNF:15
FNH:0
FNDA:0,(anonymous_0)
FNDA:0,(anonymous_1)
FNDA:0,(anonymous_2)
FNDA:0,(anonymous_3)
FNDA:0,(anonymous_4)
FNDA:0,(anonymous_5)
FNDA:0,(anonymous_6)
FNDA:0,(anonymous_7)
FNDA:0,(anonymous_8)
FNDA:0,(anonymous_9)
FNDA:0,(anonymous_10)
FNDA:0,(anonymous_11)
FNDA:0,(anonymous_12)
FNDA:0,(anonymous_13)
FNDA:0,(anonymous_14)
DA:34,0
DA:35,0
DA:37,0
DA:39,0
DA:40,0
DA:41,0
DA:42,0
DA:48,0
DA:51,0
DA:52,0
DA:53,0
DA:54,0
DA:85,0
DA:86,0
DA:87,0
DA:98,0
DA:99,0
DA:100,0
DA:102,0
DA:103,0
DA:110,0
DA:111,0
DA:112,0
DA:115,0
DA:118,0
DA:119,0
DA:120,0
DA:125,0
DA:126,0
DA:127,0
DA:130,0
DA:134,0
DA:139,0
DA:143,0
DA:178,0
DA:318,0
DA:319,0
DA:321,0
DA:364,0
DA:439,0
LF:40
LH:0
BRDA:85,0,0,0
BRDA:110,1,0,0
BRDA:110,1,1,0
BRDA:135,2,0,0
BRDA:135,2,1,0
BRDA:185,3,0,0
BRDA:185,3,1,0
BRDA:186,4,0,0
BRDA:186,4,1,0
BRDA:192,5,0,0
BRDA:192,5,1,0
BRDA:192,6,0,0
BRDA:192,6,1,0
BRDA:212,7,0,0
BRDA:212,7,1,0
BRDA:214,8,0,0
BRDA:214,8,1,0
BRDA:225,9,0,0
BRDA:225,9,1,0
BRDA:227,10,0,0
BRDA:227,10,1,0
BRDA:247,11,0,0
BRDA:247,11,1,0
BRDA:249,12,0,0
BRDA:249,12,1,0
BRDA:260,13,0,0
BRDA:260,13,1,0
BRDA:262,14,0,0
BRDA:262,14,1,0
BRDA:276,15,0,0
BRDA:276,15,1,0
BRDA:291,16,0,0
BRDA:291,16,1,0
BRDA:292,17,0,0
BRDA:292,17,1,0
BRDA:294,18,0,0
BRDA:294,18,1,0
BRDA:297,19,0,0
BRDA:297,19,1,0
BRDA:327,20,0,0
BRDA:327,20,1,0
BRDA:329,21,0,0
BRDA:329,21,1,0
BRDA:331,22,0,0
BRDA:331,22,1,0
BRDA:345,23,0,0
BRDA:345,23,1,0
BRDA:358,24,0,0
BRDA:358,24,1,0
BRDA:367,25,0,0
BRDA:367,25,1,0
BRDA:369,26,0,0
BRDA:369,26,1,0
BRDA:371,27,0,0
BRDA:371,27,1,0
BRDA:376,28,0,0
BRDA:376,28,1,0
BRDA:378,29,0,0
BRDA:378,29,1,0
BRDA:380,30,0,0
BRDA:380,30,1,0
BRDA:433,31,0,0
BRDA:433,31,1,0
BRDA:444,32,0,0
BRDA:444,32,1,0
BRDA:446,33,0,0
BRDA:446,33,1,0
BRF:67
BRH:0
end_of_record
TN:
SF:src/components/Dashboard/TestDashboard.jsx
FN:5,(anonymous_0)
FN:8,(anonymous_1)
FN:33,(anonymous_2)
FN:39,(anonymous_3)
FNF:4
FNH:0
FNDA:0,(anonymous_0)
FNDA:0,(anonymous_1)
FNDA:0,(anonymous_2)
FNDA:0,(anonymous_3)
DA:5,0
DA:6,0
DA:8,0
DA:18,0
DA:33,0
DA:39,0
LF:6
LH:0
BRDA:12,0,0,0
BRDA:12,0,1,0
BRDA:13,1,0,0
BRDA:13,1,1,0
BRDA:54,2,0,0
BRDA:54,2,1,0
BRDA:55,3,0,0
BRDA:55,3,1,0
BRF:8
BRH:0
end_of_record
TN:
SF:src/components/GoogleDrive/DriveManager.jsx
FN:5,(anonymous_0)
FN:19,(anonymous_1)
FN:29,(anonymous_2)
FN:38,(anonymous_3)
FN:52,(anonymous_4)
FN:67,(anonymous_5)
FN:74,(anonymous_6)
FN:104,(anonymous_7)
FN:145,(anonymous_8)
FN:151,(anonymous_9)
FN:223,(anonymous_10)
FN:261,(anonymous_11)
FN:327,(anonymous_12)
FN:331,(anonymous_13)
FNF:14
FNH:0
FNDA:0,(anonymous_0)
FNDA:0,(anonymous_1)
FNDA:0,(anonymous_2)
FNDA:0,(anonymous_3)
FNDA:0,(anonymous_4)
FNDA:0,(anonymous_5)
FNDA:0,(anonymous_6)
FNDA:0,(anonymous_7)
FNDA:0,(anonymous_8)
FNDA:0,(anonymous_9)
FNDA:0,(anonymous_10)
FNDA:0,(anonymous_11)
FNDA:0,(anonymous_12)
FNDA:0,(anonymous_13)
DA:5,0
DA:14,0
DA:16,0
DA:17,0
DA:19,0
DA:29,0
DA:30,0
DA:31,0
DA:32,0
DA:34,0
DA:38,0
DA:39,0
DA:41,0
DA:42,0
DA:43,0
DA:44,0
DA:46,0
DA:48,0
DA:52,0
DA:53,0
DA:54,0
DA:57,0
DA:58,0
DA:59,0
DA:61,0
DA:63,0
DA:67,0
DA:68,0
DA:69,0
DA:70,0
DA:71,0
DA:74,0
DA:75,0
DA:78,0
DA:104,0
DA:145,0
DA:151,0
DA:224,0
DA:262,0
DA:327,0
DA:331,0
LF:41
LH:0
BRDA:23,0,0,0
BRDA:23,0,1,0
BRDA:24,1,0,0
BRDA:24,1,1,0
BRDA:39,2,0,0
BRDA:39,2,1,0
BRDA:53,3,0,0
BRDA:53,3,1,0
BRDA:68,4,0,0
BRDA:68,4,1,0
BRDA:93,5,0,0
BRDA:93,5,1,0
BRDA:97,6,0,0
BRDA:97,6,1,0
BRDA:110,7,0,0
BRDA:110,7,1,0
BRDA:117,8,0,0
BRDA:117,8,1,0
BRDA:126,9,0,0
BRDA:126,9,1,0
BRDA:166,10,0,0
BRDA:166,10,1,0
BRDA:168,11,0,0
BRDA:168,11,1,0
BRDA:243,12,0,0
BRDA:243,12,1,0
BRDA:271,13,0,0
BRDA:271,13,1,0
BRDA:300,14,0,0
BRDA:300,14,1,0
BRDA:311,15,0,0
BRDA:311,15,1,0
BRF:32
BRH:0
end_of_record
TN:
SF:src/components/GoogleDrive/DriveTester.jsx
FN:4,(anonymous_0)
FN:13,(anonymous_1)
FN:33,(anonymous_2)
FN:44,(anonymous_3)
FN:61,(anonymous_4)
FN:72,(anonymous_5)
FN:82,(anonymous_6)
FN:95,(anonymous_7)
FN:105,(anonymous_8)
FN:147,(anonymous_9)
FN:157,(anonymous_10)
FN:164,(anonymous_11)
FN:294,(anonymous_12)
FN:319,(anonymous_13)
FNF:14
FNH:0
FNDA:0,(anonymous_0)
FNDA:0,(anonymous_1)
FNDA:0,(anonymous_2)
FNDA:0,(anonymous_3)
FNDA:0,(anonymous_4)
FNDA:0,(anonymous_5)
FNDA:0,(anonymous_6)
FNDA:0,(anonymous_7)
FNDA:0,(anonymous_8)
FNDA:0,(anonymous_9)
FNDA:0,(anonymous_10)
FNDA:0,(anonymous_11)
FNDA:0,(anonymous_12)
FNDA:0,(anonymous_13)
DA:4,0
DA:5,0
DA:6,0
DA:7,0
DA:8,0
DA:9,0
DA:10,0
DA:13,0
DA:14,0
DA:15,0
DA:17,0
DA:18,0
DA:19,0
DA:21,0
DA:22,0
DA:28,0
DA:29,0
DA:30,0
DA:33,0
DA:35,0
DA:36,0
DA:37,0
DA:39,0
DA:44,0
DA:45,0
DA:46,0
DA:48,0
DA:49,0
DA:50,0
DA:51,0
DA:53,0
DA:54,0
DA:56,0
DA:61,0
DA:62,0
DA:63,0
DA:64,0
DA:66,0
DA:67,0
DA:68,0
DA:69,0
DA:72,0
DA:74,0
DA:75,0
DA:77,0
DA:82,0
DA:83,0
DA:84,0
DA:87,0
DA:88,0
DA:90,0
DA:91,0
DA:92,0
DA:95,0
DA:97,0
DA:98,0
DA:100,0
DA:105,0
DA:106,0
DA:107,0
DA:108,0
DA:110,0
DA:111,0
DA:127,0
DA:128,0
DA:129,0
DA:137,0
DA:143,0
DA:144,0
DA:147,0
DA:149,0
DA:150,0
DA:151,0
DA:153,0
DA:157,0
DA:158,0
DA:159,0
DA:160,0
DA:161,0
DA:164,0
DA:165,0
DA:168,0
DA:295,0
DA:319,0
LF:84
LH:0
BRDA:15,0,0,0
BRDA:15,0,1,0
BRDA:83,1,0,0
BRDA:83,1,1,0
BRDA:158,2,0,0
BRDA:158,2,1,0
BRDA:177,3,0,0
BRDA:177,3,1,0
BRDA:178,4,0,0
BRDA:178,4,1,0
BRDA:185,5,0,0
BRDA:185,5,1,0
BRDA:190,6,0,0
BRDA:190,6,1,0
BRDA:204,7,0,0
BRDA:204,7,1,0
BRDA:212,8,0,0
BRDA:212,8,1,0
BRDA:220,9,0,0
BRDA:220,9,1,0
BRDA:233,10,0,0
BRDA:233,10,1,0
BRDA:307,11,0,0
BRDA:307,11,1,0
BRF:24
BRH:0
end_of_record
TN:
SF:src/components/GoogleDrive/DriveUploader.jsx
FN:4,(anonymous_0)
FN:12,(anonymous_1)
FN:18,(anonymous_2)
FN:56,(anonymous_3)
FN:65,(anonymous_4)
FN:104,(anonymous_5)
FN:225,(anonymous_6)
FNF:7
FNH:0
FNDA:0,(anonymous_0)
FNDA:0,(anonymous_1)
FNDA:0,(anonymous_2)
FNDA:0,(anonymous_3)
FNDA:0,(anonymous_4)
FNDA:0,(anonymous_5)
FNDA:0,(anonymous_6)
DA:4,0
DA:6,0
DA:8,0
DA:9,0
DA:10,0
DA:12,0
DA:13,0
DA:14,0
DA:15,0
DA:18,0
DA:19,0
DA:21,0
DA:22,0
DA:24,0
DA:25,0
DA:26,0
DA:27,0
DA:28,0
DA:35,0
DA:41,0
DA:49,0
DA:51,0
DA:52,0
DA:56,0
DA:57,0
DA:58,0
DA:59,0
DA:60,0
DA:62,0
DA:65,0
DA:66,0
DA:67,0
DA:68,0
DA:69,0
DA:72,0
DA:105,0
DA:226,0
LF:37
LH:0
BRDA:19,0,0,0
BRDA:19,0,1,0
BRDA:51,1,0,0
BRDA:51,1,1,0
BRDA:59,2,0,0
BRDA:59,2,1,0
BRDA:66,3,0,0
BRDA:66,3,1,0
BRDA:92,4,0,0
BRDA:92,4,1,0
BRDA:118,5,0,0
BRDA:118,5,1,0
BRDA:125,6,0,0
BRDA:125,6,1,0
BRDA:129,7,0,0
BRDA:129,7,1,0
BRDA:149,8,0,0
BRDA:149,8,1,0
BRDA:165,9,0,0
BRDA:165,9,1,0
BRDA:181,10,0,0
BRDA:181,10,1,0
BRDA:231,11,0,0
BRDA:231,11,1,0
BRDA:242,12,0,0
BRDA:242,12,1,0
BRDA:242,12,2,0
BRDA:259,13,0,0
BRDA:259,13,1,0
BRF:29
BRH:0
end_of_record
TN:
SF:src/components/GoogleDrive/FileViewer.jsx
FN:4,(anonymous_0)
FN:9,(anonymous_1)
FN:23,(anonymous_2)
FN:29,(anonymous_3)
FN:36,(anonymous_4)
FN:40,(anonymous_5)
FN:55,(anonymous_6)
FN:180,(anonymous_7)
FNF:8
FNH:0
FNDA:0,(anonymous_0)
FNDA:0,(anonymous_1)
FNDA:0,(anonymous_2)
FNDA:0,(anonymous_3)
FNDA:0,(anonymous_4)
FNDA:0,(anonymous_5)
FNDA:0,(anonymous_6)
FNDA:0,(anonymous_7)
DA:4,0
DA:5,0
DA:6,0
DA:7,0
DA:9,0
DA:10,0
DA:11,0
DA:13,0
DA:14,0
DA:15,0
DA:17,0
DA:19,0
DA:23,0
DA:24,0
DA:25,0
DA:29,0
DA:30,0
DA:31,0
DA:32,0
DA:33,0
DA:36,0
DA:37,0
DA:40,0
DA:41,0
DA:42,0
DA:43,0
DA:44,0
DA:45,0
DA:46,0
DA:47,0
DA:48,0
DA:50,0
DA:51,0
DA:52,0
DA:55,0
DA:56,0
DA:65,0
DA:66,0
DA:73,0
DA:180,0
LF:40
LH:0
BRDA:24,0,0,0
BRDA:24,0,1,0
BRDA:30,1,0,0
BRDA:30,1,1,0
BRDA:41,2,0,0
BRDA:41,2,1,0
BRDA:42,3,0,0
BRDA:42,3,1,0
BRDA:43,4,0,0
BRDA:43,4,1,0
BRDA:44,5,0,0
BRDA:44,5,1,0
BRDA:45,6,0,0
BRDA:45,6,1,0
BRDA:46,7,0,0
BRDA:46,7,1,0
BRDA:47,8,0,0
BRDA:47,8,1,0
BRDA:47,9,0,0
BRDA:47,9,1,0
BRDA:50,10,0,0
BRDA:50,10,1,0
BRDA:51,11,0,0
BRDA:51,11,1,0
BRDA:57,12,0,0
BRDA:57,12,1,0
BRDA:57,12,2,0
BRDA:57,12,3,0
BRDA:57,12,4,0
BRDA:65,13,0,0
BRDA:65,13,1,0
BRDA:77,14,0,0
BRDA:77,14,1,0
BRDA:83,15,0,0
BRDA:83,15,1,0
BRDA:98,16,0,0
BRDA:98,16,1,0
BRDA:159,17,0,0
BRDA:159,17,1,0
BRDA:178,18,0,0
BRDA:178,18,1,0
BRDA:309,19,0,0
BRDA:309,19,1,0
BRF:43
BRH:0
end_of_record
TN:
SF:src/components/GoogleSheet/SheetManager.jsx
FN:6,(anonymous_0)
FN:12,(anonymous_1)
FN:22,(anonymous_2)
FN:36,(anonymous_3)
FN:40,(anonymous_4)
FN:91,(anonymous_5)
FN:128,(anonymous_6)
FN:134,(anonymous_7)
FN:170,(anonymous_8)
FN:183,(anonymous_9)
FNF:10
FNH:0
FNDA:0,(anonymous_0)
FNDA:0,(anonymous_1)
FNDA:0,(anonymous_2)
FNDA:0,(anonymous_3)
FNDA:0,(anonymous_4)
FNDA:0,(anonymous_5)
FNDA:0,(anonymous_6)
FNDA:0,(anonymous_7)
FNDA:0,(anonymous_8)
FNDA:0,(anonymous_9)
DA:6,0
DA:7,0
DA:8,0
DA:9,0
DA:10,0
DA:12,0
DA:22,0
DA:23,0
DA:24,0
DA:26,0
DA:27,0
DA:28,0
DA:30,0
DA:32,0
DA:36,0
DA:37,0
DA:40,0
DA:41,0
DA:43,0
DA:45,0
DA:49,0
DA:92,0
DA:128,0
DA:134,0
DA:170,0
DA:183,0
LF:26
LH:0
BRDA:16,0,0,0
BRDA:16,0,1,0
BRDA:17,1,0,0
BRDA:17,1,1,0
BRDA:43,2,0,0
BRDA:43,2,1,0
BRDA:64,3,0,0
BRDA:64,3,1,0
BRDA:67,4,0,0
BRDA:67,4,1,0
BRDA:70,5,0,0
BRDA:70,5,1,0
BRDA:94,6,0,0
BRDA:94,6,1,0
BRDA:108,7,0,0
BRDA:108,7,1,0
BRDA:149,8,0,0
BRDA:149,8,1,0
BRDA:152,9,0,0
BRDA:152,9,1,0
BRF:20
BRH:0
end_of_record
TN:
SF:src/components/GoogleSheet/SheetReader.jsx
FN:4,(anonymous_0)
FN:8,(anonymous_1)
FN:20,(anonymous_2)
FN:27,(anonymous_3)
FN:42,(anonymous_4)
FN:84,(anonymous_5)
FN:86,(anonymous_6)
FNF:7
FNH:0
FNDA:0,(anonymous_0)
FNDA:0,(anonymous_1)
FNDA:0,(anonymous_2)
FNDA:0,(anonymous_3)
FNDA:0,(anonymous_4)
FNDA:0,(anonymous_5)
FNDA:0,(anonymous_6)
DA:4,0
DA:5,0
DA:6,0
DA:8,0
DA:9,0
DA:10,0
DA:11,0
DA:12,0
DA:13,0
DA:16,0
DA:20,0
DA:22,0
DA:23,0
DA:27,0
DA:28,0
DA:31,0
DA:42,0
DA:85,0
DA:87,0
LF:19
LH:0
BRDA:4,0,0,0
BRDA:12,1,0,0
BRDA:12,1,1,0
BRDA:22,2,0,0
BRDA:22,2,1,0
BRDA:51,3,0,0
BRDA:51,3,1,0
BRDA:56,4,0,0
BRDA:56,4,1,0
BRDA:72,5,0,0
BRDA:72,5,1,0
BRDA:72,5,2,0
BRDA:92,6,0,0
BRDA:92,6,1,0
BRDA:93,7,0,0
BRDA:93,7,1,0
BRDA:107,8,0,0
BRDA:107,8,1,0
BRDA:107,8,2,0
BRDA:107,8,3,0
BRF:20
BRH:0
end_of_record
TN:
SF:src/components/GoogleSheet/SheetTester.jsx
FN:4,(anonymous_0)
FN:18,(anonymous_1)
FN:24,(anonymous_2)
FN:41,(anonymous_3)
FN:52,(anonymous_4)
FN:62,(anonymous_5)
FN:78,(anonymous_6)
FN:88,(anonymous_7)
FN:137,(anonymous_8)
FN:191,(anonymous_9)
FN:193,(anonymous_10)
FNF:11
FNH:0
FNDA:0,(anonymous_0)
FNDA:0,(anonymous_1)
FNDA:0,(anonymous_2)
FNDA:0,(anonymous_3)
FNDA:0,(anonymous_4)
FNDA:0,(anonymous_5)
FNDA:0,(anonymous_6)
FNDA:0,(anonymous_7)
FNDA:0,(anonymous_8)
FNDA:0,(anonymous_9)
FNDA:0,(anonymous_10)
DA:4,0
DA:5,0
DA:6,0
DA:7,0
DA:8,0
DA:9,0
DA:12,0
DA:18,0
DA:20,0
DA:24,0
DA:25,0
DA:26,0
DA:28,0
DA:29,0
DA:30,0
DA:31,0
DA:33,0
DA:34,0
DA:36,0
DA:41,0
DA:42,0
DA:43,0
DA:45,0
DA:46,0
DA:47,0
DA:52,0
DA:54,0
DA:55,0
DA:57,0
DA:62,0
DA:63,0
DA:64,0
DA:66,0
DA:67,0
DA:71,0
DA:75,0
DA:78,0
DA:80,0
DA:81,0
DA:83,0
DA:88,0
DA:89,0
DA:90,0
DA:92,0
DA:93,0
DA:94,0
DA:97,0
DA:99,0
DA:100,0
DA:102,0
DA:106,0
DA:137,0
DA:192,0
DA:194,0
LF:54
LH:0
BRDA:115,0,0,0
BRDA:115,0,1,0
BRDA:116,1,0,0
BRDA:116,1,1,0
BRDA:123,2,0,0
BRDA:123,2,1,0
BRDA:150,3,0,0
BRDA:150,3,1,0
BRDA:158,4,0,0
BRDA:158,4,1,0
BRDA:166,5,0,0
BRDA:166,5,1,0
BRDA:174,6,0,0
BRDA:174,6,1,0
BRDA:179,7,0,0
BRDA:179,7,1,0
BRDA:199,8,0,0
BRDA:199,8,1,0
BRDA:200,9,0,0
BRDA:200,9,1,0
BRF:20
BRH:0
end_of_record
TN:
SF:src/components/GoogleSheet/SheetWriter.jsx
FN:4,(anonymous_0)
FN:30,(anonymous_1)
FN:37,(anonymous_2)
FN:37,(anonymous_3)
FN:54,(anonymous_4)
FN:56,(anonymous_5)
FN:60,(anonymous_6)
FN:75,(anonymous_7)
FN:84,(anonymous_8)
FN:97,(anonymous_9)
FN:107,(anonymous_10)
FN:125,(anonymous_11)
FNF:12
FNH:0
FNDA:0,(anonymous_0)
FNDA:0,(anonymous_1)
FNDA:0,(anonymous_2)
FNDA:0,(anonymous_3)
FNDA:0,(anonymous_4)
FNDA:0,(anonymous_5)
FNDA:0,(anonymous_6)
FNDA:0,(anonymous_7)
FNDA:0,(anonymous_8)
FNDA:0,(anonymous_9)
FNDA:0,(anonymous_10)
FNDA:0,(anonymous_11)
DA:4,0
DA:6,0
DA:7,0
DA:8,0
DA:9,0
DA:12,0
DA:30,0
DA:31,0
DA:32,0
DA:35,0
DA:37,0
DA:40,0
DA:41,0
DA:43,0
DA:46,0
DA:47,0
DA:50,0
DA:54,0
DA:55,0
DA:56,0
DA:57,0
DA:60,0
DA:61,0
DA:64,0
DA:75,0
DA:84,0
DA:97,0
DA:107,0
DA:125,0
LF:29
LH:0
BRDA:40,0,0,0
BRDA:40,0,1,0
BRDA:46,1,0,0
BRDA:46,1,1,0
BRDA:142,2,0,0
BRDA:142,2,1,0
BRDA:149,3,0,0
BRDA:149,3,1,0
BRDA:152,4,0,0
BRDA:152,4,1,0
BRDA:154,5,0,0
BRDA:154,5,1,0
BRDA:175,6,0,0
BRDA:175,6,1,0
BRF:14
BRH:0
end_of_record
TN:
SF:src/components/ai/AIDashboard.jsx
FN:19,(anonymous_0)
FN:20,(anonymous_1)
FN:21,(anonymous_2)
FN:22,(anonymous_3)
FN:44,(anonymous_4)
FN:224,(anonymous_5)
FN:228,(anonymous_6)
FN:236,(anonymous_7)
FN:243,(anonymous_8)
FN:253,(anonymous_9)
FN:278,(anonymous_10)
FN:289,(anonymous_11)
FN:295,(anonymous_12)
FN:300,(anonymous_13)
FN:302,(anonymous_14)
FN:306,(anonymous_15)
FN:311,(anonymous_16)
FN:312,(anonymous_17)
FN:322,(anonymous_18)
FN:323,(anonymous_19)
FN:335,(anonymous_20)
FN:336,(anonymous_21)
FN:337,(anonymous_22)
FN:347,(anonymous_23)
FN:368,(anonymous_24)
FN:372,(anonymous_25)
FN:378,(anonymous_26)
FN:387,(anonymous_27)
FN:391,(anonymous_28)
FN:397,(anonymous_29)
FN:406,(anonymous_30)
FN:421,(anonymous_31)
FN:434,(anonymous_32)
FN:447,(anonymous_33)
FN:453,(anonymous_34)
FN:489,(anonymous_35)
FN:513,(anonymous_36)
FN:519,(anonymous_37)
FN:537,(anonymous_38)
FN:552,(anonymous_39)
FN:571,(anonymous_40)
FN:784,(anonymous_41)
FN:813,(anonymous_42)
FN:860,(anonymous_43)
FN:874,(anonymous_44)
FN:880,(anonymous_45)
FN:886,(anonymous_46)
FN:893,(anonymous_47)
FN:898,(anonymous_48)
FN:902,(anonymous_49)
FN:922,(anonymous_50)
FN:923,(anonymous_51)
FNF:52
FNH:0
FNDA:0,(anonymous_0)
FNDA:0,(anonymous_1)
FNDA:0,(anonymous_2)
FNDA:0,(anonymous_3)
FNDA:0,(anonymous_4)
FNDA:0,(anonymous_5)
FNDA:0,(anonymous_6)
FNDA:0,(anonymous_7)
FNDA:0,(anonymous_8)
FNDA:0,(anonymous_9)
FNDA:0,(anonymous_10)
FNDA:0,(anonymous_11)
FNDA:0,(anonymous_12)
FNDA:0,(anonymous_13)
FNDA:0,(anonymous_14)
FNDA:0,(anonymous_15)
FNDA:0,(anonymous_16)
FNDA:0,(anonymous_17)
FNDA:0,(anonymous_18)
FNDA:0,(anonymous_19)
FNDA:0,(anonymous_20)
FNDA:0,(anonymous_21)
FNDA:0,(anonymous_22)
FNDA:0,(anonymous_23)
FNDA:0,(anonymous_24)
FNDA:0,(anonymous_25)
FNDA:0,(anonymous_26)
FNDA:0,(anonymous_27)
FNDA:0,(anonymous_28)
FNDA:0,(anonymous_29)
FNDA:0,(anonymous_30)
FNDA:0,(anonymous_31)
FNDA:0,(anonymous_32)
FNDA:0,(anonymous_33)
FNDA:0,(anonymous_34)
FNDA:0,(anonymous_35)
FNDA:0,(anonymous_36)
FNDA:0,(anonymous_37)
FNDA:0,(anonymous_38)
FNDA:0,(anonymous_39)
FNDA:0,(anonymous_40)
FNDA:0,(anonymous_41)
FNDA:0,(anonymous_42)
FNDA:0,(anonymous_43)
FNDA:0,(anonymous_44)
FNDA:0,(anonymous_45)
FNDA:0,(anonymous_46)
FNDA:0,(anonymous_47)
FNDA:0,(anonymous_48)
FNDA:0,(anonymous_49)
FNDA:0,(anonymous_50)
FNDA:0,(anonymous_51)
DA:19,0
DA:20,0
DA:21,0
DA:22,0
DA:24,0
DA:25,0
DA:26,0
DA:27,0
DA:28,0
DA:29,0
DA:30,0
DA:31,0
DA:32,0
DA:33,0
DA:34,0
DA:35,0
DA:38,0
DA:39,0
DA:40,0
DA:41,0
DA:44,0
DA:45,0
DA:46,0
DA:48,0
DA:50,0
DA:59,0
DA:76,0
DA:77,0
DA:78,0
DA:81,0
DA:85,0
DA:88,0
DA:89,0
DA:94,0
DA:95,0
DA:97,0
DA:119,0
DA:120,0
DA:121,0
DA:122,0
DA:123,0
DA:130,0
DA:134,0
DA:135,0
DA:138,0
DA:168,0
DA:181,0
DA:214,0
DA:215,0
DA:216,0
DA:217,0
DA:219,0
DA:224,0
DA:225,0
DA:228,0
DA:229,0
DA:232,0
DA:233,0
DA:236,0
DA:237,0
DA:239,0
DA:243,0
DA:244,0
DA:246,0
DA:253,0
DA:254,0
DA:255,0
DA:256,0
DA:258,0
DA:259,0
DA:267,0
DA:269,0
DA:278,0
DA:281,0
DA:282,0
DA:289,0
DA:291,0
DA:295,0
DA:296,0
DA:300,0
DA:301,0
DA:302,0
DA:303,0
DA:306,0
DA:311,0
DA:312,0
DA:313,0
DA:316,0
DA:322,0
DA:323,0
DA:324,0
DA:335,0
DA:336,0
DA:337,0
DA:338,0
DA:341,0
DA:347,0
DA:348,0
DA:356,0
DA:359,0
DA:360,0
DA:361,0
DA:362,0
DA:363,0
DA:364,0
DA:368,0
DA:369,0
DA:371,0
DA:372,0
DA:375,0
DA:376,0
DA:377,0
DA:379,0
DA:384,0
DA:387,0
DA:388,0
DA:390,0
DA:391,0
DA:394,0
DA:395,0
DA:396,0
DA:398,0
DA:403,0
DA:406,0
DA:407,0
DA:409,0
DA:411,0
DA:413,0
DA:415,0
DA:417,0
DA:421,0
DA:422,0
DA:424,0
DA:426,0
DA:428,0
DA:430,0
DA:434,0
DA:435,0
DA:437,0
DA:439,0
DA:441,0
DA:443,0
DA:447,0
DA:448,0
DA:449,0
DA:450,0
DA:453,0
DA:454,0
DA:455,0
DA:456,0
DA:459,0
DA:489,0
DA:513,0
DA:519,0
DA:537,0
DA:552,0
DA:572,0
DA:785,0
DA:813,0
DA:860,0
DA:874,0
DA:880,0
DA:886,0
DA:894,0
DA:899,0
DA:902,0
DA:922,0
DA:923,0
LF:168
LH:0
BRDA:76,0,0,0
BRDA:76,0,1,0
BRDA:77,1,0,0
BRDA:77,1,1,0
BRDA:78,2,0,0
BRDA:78,2,1,0
BRDA:82,3,0,0
BRDA:82,3,1,0
BRDA:88,4,0,0
BRDA:88,4,1,0
BRDA:94,5,0,0
BRDA:94,5,1,0
BRDA:95,6,0,0
BRDA:95,6,1,0
BRDA:106,7,0,0
BRDA:106,7,1,0
BRDA:107,8,0,0
BRDA:107,8,1,0
BRDA:108,9,0,0
BRDA:108,9,1,0
BRDA:112,10,0,0
BRDA:112,10,1,0
BRDA:113,11,0,0
BRDA:113,11,1,0
BRDA:114,12,0,0
BRDA:114,12,1,0
BRDA:232,13,0,0
BRDA:232,13,1,0
BRDA:233,14,0,0
BRDA:233,14,1,0
BRDA:244,15,0,0
BRDA:244,15,1,0
BRDA:244,16,0,0
BRDA:244,16,1,0
BRDA:272,17,0,0
BRDA:272,17,1,0
BRDA:274,18,0,0
BRDA:274,18,1,0
BRDA:301,19,0,0
BRDA:301,19,1,0
BRDA:313,20,0,0
BRDA:313,20,1,0
BRDA:316,21,0,0
BRDA:316,21,1,0
BRDA:324,22,0,0
BRDA:324,22,1,0
BRDA:338,23,0,0
BRDA:338,23,1,0
BRDA:371,24,0,0
BRDA:371,24,1,0
BRDA:375,25,0,0
BRDA:375,25,1,0
BRDA:379,26,0,0
BRDA:379,26,1,0
BRDA:390,27,0,0
BRDA:390,27,1,0
BRDA:394,28,0,0
BRDA:394,28,1,0
BRDA:398,29,0,0
BRDA:398,29,1,0
BRDA:407,30,0,0
BRDA:407,30,1,0
BRDA:407,30,2,0
BRDA:407,30,3,0
BRDA:407,30,4,0
BRDA:422,31,0,0
BRDA:422,31,1,0
BRDA:422,31,2,0
BRDA:422,31,3,0
BRDA:435,32,0,0
BRDA:435,32,1,0
BRDA:435,32,2,0
BRDA:435,32,3,0
BRDA:448,33,0,0
BRDA:448,33,1,0
BRDA:449,34,0,0
BRDA:449,34,1,0
BRDA:454,35,0,0
BRDA:454,35,1,0
BRDA:455,36,0,0
BRDA:455,36,1,0
BRDA:502,37,0,0
BRDA:502,37,1,0
BRDA:515,38,0,0
BRDA:515,38,1,0
BRDA:518,39,0,0
BRDA:518,39,1,0
BRDA:520,40,0,0
BRDA:520,40,1,0
BRDA:522,41,0,0
BRDA:522,41,1,0
BRDA:527,42,0,0
BRDA:527,42,1,0
BRDA:529,43,0,0
BRDA:529,43,1,0
BRDA:566,44,0,0
BRDA:566,44,1,0
BRDA:613,45,0,0
BRDA:613,45,1,0
BRDA:632,46,0,0
BRDA:632,46,1,0
BRDA:682,47,0,0
BRDA:682,47,1,0
BRDA:684,48,0,0
BRDA:684,48,1,0
BRDA:686,49,0,0
BRDA:686,49,1,0
BRDA:699,50,0,0
BRDA:699,50,1,0
BRDA:701,51,0,0
BRDA:701,51,1,0
BRDA:703,52,0,0
BRDA:703,52,1,0
BRDA:716,53,0,0
BRDA:716,53,1,0
BRDA:727,54,0,0
BRDA:727,54,1,0
BRDA:729,55,0,0
BRDA:729,55,1,0
BRDA:732,56,0,0
BRDA:732,56,1,0
BRDA:745,57,0,0
BRDA:745,57,1,0
BRDA:747,58,0,0
BRDA:747,58,1,0
BRDA:749,59,0,0
BRDA:749,59,1,0
BRDA:762,60,0,0
BRDA:762,60,1,0
BRDA:779,61,0,0
BRDA:779,61,1,0
BRDA:801,62,0,0
BRDA:801,62,1,0
BRDA:803,63,0,0
BRDA:803,63,1,0
BRDA:805,64,0,0
BRDA:805,64,1,0
BRDA:816,65,0,0
BRDA:816,65,1,0
BRDA:854,66,0,0
BRDA:854,66,1,0
BRDA:867,67,0,0
BRDA:867,67,1,0
BRDA:896,68,0,0
BRDA:896,68,1,0
BRDA:896,68,2,0
BRDA:923,69,0,0
BRDA:923,69,1,0
BRDA:929,70,0,0
BRDA:929,70,1,0
BRDA:932,71,0,0
BRDA:932,71,1,0
BRF:152
BRH:0
end_of_record
TN:
SF:src/components/alerts/AlertsManagement.jsx
FN:42,(anonymous_0)
FN:55,(anonymous_1)
FN:60,(anonymous_2)
FN:68,(anonymous_3)
FN:79,(anonymous_4)
FN:92,(anonymous_5)
FN:136,(anonymous_6)
FN:161,(anonymous_7)
FN:171,(anonymous_8)
FN:172,(anonymous_9)
FN:179,(anonymous_10)
FN:193,(anonymous_11)
FN:214,(anonymous_12)
FN:229,(anonymous_13)
FN:232,(anonymous_14)
FN:261,(anonymous_15)
FN:269,(anonymous_16)
FN:276,(anonymous_17)
FN:346,(anonymous_18)
FN:416,(anonymous_19)
FNF:20
FNH:0
FNDA:0,(anonymous_0)
FNDA:0,(anonymous_1)
FNDA:0,(anonymous_2)
FNDA:0,(anonymous_3)
FNDA:0,(anonymous_4)
FNDA:0,(anonymous_5)
FNDA:0,(anonymous_6)
FNDA:0,(anonymous_7)
FNDA:0,(anonymous_8)
FNDA:0,(anonymous_9)
FNDA:0,(anonymous_10)
FNDA:0,(anonymous_11)
FNDA:0,(anonymous_12)
FNDA:0,(anonymous_13)
FNDA:0,(anonymous_14)
FNDA:0,(anonymous_15)
FNDA:0,(anonymous_16)
FNDA:0,(anonymous_17)
FNDA:0,(anonymous_18)
FNDA:0,(anonymous_19)
DA:33,0
DA:34,0
DA:35,0
DA:38,0
DA:42,0
DA:43,0
DA:44,0
DA:45,0
DA:46,0
DA:47,0
DA:48,0
DA:55,0
DA:56,0
DA:57,0
DA:60,0
DA:61,0
DA:62,0
DA:63,0
DA:64,0
DA:66,0
DA:67,0
DA:68,0
DA:72,0
DA:73,0
DA:75,0
DA:79,0
DA:80,0
DA:81,0
DA:82,0
DA:84,0
DA:85,0
DA:88,0
DA:92,0
DA:93,0
DA:94,0
DA:119,0
DA:121,0
DA:122,0
DA:123,0
DA:124,0
DA:125,0
DA:126,0
DA:128,0
DA:131,0
DA:132,0
DA:136,0
DA:137,0
DA:138,0
DA:146,0
DA:148,0
DA:149,0
DA:150,0
DA:151,0
DA:153,0
DA:156,0
DA:157,0
DA:161,0
DA:163,0
DA:166,0
DA:171,0
DA:172,0
DA:180,0
DA:185,0
DA:194,0
DA:200,0
DA:201,0
DA:215,0
DA:216,0
DA:217,0
DA:219,0
DA:220,0
DA:222,0
DA:230,0
DA:232,0
DA:242,0
DA:262,0
DA:263,0
DA:269,0
DA:277,0
DA:278,0
DA:347,0
DA:348,0
DA:349,0
DA:417,0
DA:418,0
DA:419,0
LF:86
LH:0
BRDA:38,0,0,0
BRDA:38,0,1,0
BRDA:38,0,2,0
BRDA:66,1,0,0
BRDA:66,1,1,0
BRDA:68,2,0,0
BRDA:68,2,1,0
BRDA:84,3,0,0
BRDA:84,3,1,0
BRDA:85,4,0,0
BRDA:85,4,1,0
BRDA:100,5,0,0
BRDA:100,5,1,0
BRDA:105,6,0,0
BRDA:105,6,1,0
BRDA:108,7,0,0
BRDA:108,7,1,0
BRDA:110,8,0,0
BRDA:110,8,1,0
BRDA:115,9,0,0
BRDA:115,9,1,0
BRDA:121,10,0,0
BRDA:121,10,1,0
BRDA:128,11,0,0
BRDA:128,11,1,0
BRDA:136,12,0,0
BRDA:148,13,0,0
BRDA:148,13,1,0
BRDA:153,14,0,0
BRDA:153,14,1,0
BRDA:185,15,0,0
BRDA:185,15,1,0
BRDA:200,16,0,0
BRDA:200,16,1,0
BRDA:215,17,0,0
BRDA:215,17,1,0
BRDA:217,18,0,0
BRDA:217,18,1,0
BRDA:220,19,0,0
BRDA:220,19,1,0
BRDA:222,20,0,0
BRDA:222,20,1,0
BRDA:344,21,0,0
BRDA:344,21,1,0
BRDA:413,22,0,0
BRDA:413,22,1,0
BRF:46
BRH:0
end_of_record
TN:
SF:src/components/analytics/AdvancedAnalyticsDashboard.jsx
FN:50,(anonymous_0)
FN:76,(anonymous_1)
FN:78,(anonymous_2)
FN:80,(anonymous_3)
FN:134,(anonymous_4)
FN:148,(anonymous_5)
FN:153,(anonymous_6)
FN:160,(anonymous_7)
FN:170,(anonymous_8)
FN:171,(anonymous_9)
FN:177,(anonymous_10)
FN:185,(anonymous_11)
FN:195,(anonymous_12)
FN:196,(anonymous_13)
FN:196,(anonymous_14)
FN:197,(anonymous_15)
FN:198,(anonymous_16)
FN:204,(anonymous_17)
FN:214,(anonymous_18)
FN:240,(anonymous_19)
FN:318,(anonymous_20)
FN:324,(anonymous_21)
FN:330,(anonymous_22)
FN:344,(anonymous_23)
FN:345,(anonymous_24)
FN:361,(anonymous_25)
FN:374,(anonymous_26)
FN:383,(anonymous_27)
FN:401,(anonymous_28)
FN:405,(anonymous_29)
FNF:30
FNH:0
FNDA:0,(anonymous_0)
FNDA:0,(anonymous_1)
FNDA:0,(anonymous_2)
FNDA:0,(anonymous_3)
FNDA:0,(anonymous_4)
FNDA:0,(anonymous_5)
FNDA:0,(anonymous_6)
FNDA:0,(anonymous_7)
FNDA:0,(anonymous_8)
FNDA:0,(anonymous_9)
FNDA:0,(anonymous_10)
FNDA:0,(anonymous_11)
FNDA:0,(anonymous_12)
FNDA:0,(anonymous_13)
FNDA:0,(anonymous_14)
FNDA:0,(anonymous_15)
FNDA:0,(anonymous_16)
FNDA:0,(anonymous_17)
FNDA:0,(anonymous_18)
FNDA:0,(anonymous_19)
FNDA:0,(anonymous_20)
FNDA:0,(anonymous_21)
FNDA:0,(anonymous_22)
FNDA:0,(anonymous_23)
FNDA:0,(anonymous_24)
FNDA:0,(anonymous_25)
FNDA:0,(anonymous_26)
FNDA:0,(anonymous_27)
FNDA:0,(anonymous_28)
FNDA:0,(anonymous_29)
DA:45,0
DA:46,0
DA:47,0
DA:50,0
DA:51,0
DA:52,0
DA:53,0
DA:54,0
DA:60,0
DA:61,0
DA:65,0
DA:66,0
DA:73,0
DA:76,0
DA:77,0
DA:78,0
DA:79,0
DA:80,0
DA:84,0
DA:93,0
DA:124,0
DA:129,0
DA:130,0
DA:131,0
DA:134,0
DA:135,0
DA:139,0
DA:141,0
DA:142,0
DA:144,0
DA:148,0
DA:149,0
DA:153,0
DA:154,0
DA:155,0
DA:156,0
DA:160,0
DA:161,0
DA:169,0
DA:170,0
DA:171,0
DA:172,0
DA:175,0
DA:177,0
DA:178,0
DA:185,0
DA:188,0
DA:190,0
DA:191,0
DA:195,0
DA:196,0
DA:197,0
DA:198,0
DA:200,0
DA:204,0
DA:205,0
DA:206,0
DA:210,0
DA:214,0
DA:215,0
DA:216,0
DA:223,0
DA:224,0
DA:225,0
DA:226,0
DA:227,0
DA:228,0
DA:229,0
DA:230,0
DA:231,0
DA:234,0
DA:235,0
DA:240,0
DA:241,0
DA:242,0
DA:257,0
DA:269,0
DA:271,0
DA:273,0
DA:275,0
DA:277,0
DA:279,0
DA:281,0
DA:291,0
DA:295,0
DA:318,0
DA:324,0
DA:330,0
DA:345,0
DA:362,0
DA:374,0
DA:383,0
DA:402,0
DA:403,0
DA:405,0
LF:95
LH:0
BRDA:50,0,0,0
BRDA:50,1,0,0
BRDA:53,2,0,0
BRDA:53,2,1,0
BRDA:53,3,0,0
BRDA:53,3,1,0
BRDA:53,3,2,0
BRDA:60,4,0,0
BRDA:60,4,1,0
BRDA:65,5,0,0
BRDA:65,5,1,0
BRDA:135,6,0,0
BRDA:135,6,1,0
BRDA:136,7,0,0
BRDA:136,7,1,0
BRDA:141,8,0,0
BRDA:141,8,1,0
BRDA:141,9,0,0
BRDA:141,9,1,0
BRDA:169,10,0,0
BRDA:169,10,1,0
BRDA:172,11,0,0
BRDA:172,11,1,0
BRDA:186,12,0,0
BRDA:186,12,1,0
BRDA:198,13,0,0
BRDA:198,13,1,0
BRDA:223,14,0,0
BRDA:223,14,1,0
BRDA:226,15,0,0
BRDA:226,15,1,0
BRDA:229,16,0,0
BRDA:229,16,1,0
BRDA:241,17,0,0
BRDA:241,17,1,0
BRDA:271,18,0,0
BRDA:271,18,1,0
BRDA:271,18,2,0
BRDA:271,18,3,0
BRDA:271,18,4,0
BRDA:271,18,5,0
BRDA:399,19,0,0
BRDA:399,19,1,0
BRF:43
BRH:0
end_of_record
TN:
SF:src/components/analytics/ChartComponents.jsx
FN:43,(anonymous_0)
FN:51,(anonymous_1)
FN:54,(anonymous_2)
FN:99,(anonymous_3)
FN:108,(anonymous_4)
FN:111,(anonymous_5)
FN:148,(anonymous_6)
FN:157,(anonymous_7)
FN:201,(anonymous_8)
FN:217,(anonymous_9)
FN:226,(anonymous_10)
FN:229,(anonymous_11)
FN:272,(anonymous_12)
FN:282,(anonymous_13)
FN:286,(anonymous_14)
FN:301,(anonymous_15)
FN:302,(anonymous_16)
FN:313,(anonymous_17)
FN:341,(anonymous_18)
FNF:19
FNH:0
FNDA:0,(anonymous_0)
FNDA:0,(anonymous_1)
FNDA:0,(anonymous_2)
FNDA:0,(anonymous_3)
FNDA:0,(anonymous_4)
FNDA:0,(anonymous_5)
FNDA:0,(anonymous_6)
FNDA:0,(anonymous_7)
FNDA:0,(anonymous_8)
FNDA:0,(anonymous_9)
FNDA:0,(anonymous_10)
FNDA:0,(anonymous_11)
FNDA:0,(anonymous_12)
FNDA:0,(anonymous_13)
FNDA:0,(anonymous_14)
FNDA:0,(anonymous_15)
FNDA:0,(anonymous_16)
FNDA:0,(anonymous_17)
FNDA:0,(anonymous_18)
DA:27,0
DA:28,0
DA:31,0
DA:43,0
DA:51,0
DA:52,0
DA:53,0
DA:54,0
DA:55,0
DA:66,0
DA:78,0
DA:99,0
DA:108,0
DA:109,0
DA:110,0
DA:111,0
DA:112,0
DA:115,0
DA:118,0
DA:120,0
DA:148,0
DA:157,0
DA:165,0
DA:166,0
DA:167,0
DA:168,0
DA:170,0
DA:185,0
DA:202,0
DA:217,0
DA:226,0
DA:227,0
DA:228,0
DA:229,0
DA:230,0
DA:240,0
DA:251,0
DA:272,0
DA:282,0
DA:283,0
DA:285,0
DA:286,0
DA:287,0
DA:288,0
DA:289,0
DA:290,0
DA:291,0
DA:292,0
DA:294,0
DA:297,0
DA:301,0
DA:302,0
DA:303,0
DA:304,0
DA:305,0
DA:308,0
DA:314,0
DA:341,0
DA:346,0
LF:59
LH:0
BRDA:47,0,0,0
BRDA:48,1,0,0
BRDA:49,2,0,0
BRDA:52,3,0,0
BRDA:52,3,1,0
BRDA:52,4,0,0
BRDA:52,4,1,0
BRDA:53,5,0,0
BRDA:53,5,1,0
BRDA:80,6,0,0
BRDA:80,6,1,0
BRDA:90,7,0,0
BRDA:90,7,1,0
BRDA:103,8,0,0
BRDA:104,9,0,0
BRDA:105,10,0,0
BRDA:106,11,0,0
BRDA:109,12,0,0
BRDA:109,12,1,0
BRDA:109,13,0,0
BRDA:109,13,1,0
BRDA:110,14,0,0
BRDA:110,14,1,0
BRDA:118,15,0,0
BRDA:118,15,1,0
BRDA:122,16,0,0
BRDA:122,16,1,0
BRDA:126,17,0,0
BRDA:126,17,1,0
BRDA:131,18,0,0
BRDA:131,18,1,0
BRDA:132,19,0,0
BRDA:132,19,1,0
BRDA:135,20,0,0
BRDA:135,20,1,0
BRDA:136,21,0,0
BRDA:136,21,1,0
BRDA:139,22,0,0
BRDA:139,22,1,0
BRDA:150,23,0,0
BRDA:151,24,0,0
BRDA:153,25,0,0
BRDA:154,26,0,0
BRDA:155,27,0,0
BRDA:175,28,0,0
BRDA:175,28,1,0
BRDA:187,29,0,0
BRDA:187,29,1,0
BRDA:209,30,0,0
BRDA:209,30,1,0
BRDA:221,31,0,0
BRDA:222,32,0,0
BRDA:223,33,0,0
BRDA:224,34,0,0
BRDA:227,35,0,0
BRDA:227,35,1,0
BRDA:227,36,0,0
BRDA:227,36,1,0
BRDA:228,37,0,0
BRDA:228,37,1,0
BRDA:253,38,0,0
BRDA:253,38,1,0
BRDA:263,39,0,0
BRDA:263,39,1,0
BRDA:278,40,0,0
BRDA:279,41,0,0
BRDA:283,42,0,0
BRDA:283,42,1,0
BRDA:283,43,0,0
BRDA:283,43,1,0
BRDA:289,44,0,0
BRDA:289,44,1,0
BRDA:291,45,0,0
BRDA:291,45,1,0
BRDA:305,46,0,0
BRDA:305,46,1,0
BRDA:310,47,0,0
BRDA:310,47,1,0
BRDA:322,48,0,0
BRDA:322,48,1,0
BRDA:344,49,0,0
BRDA:350,50,0,0
BRDA:350,50,1,0
BRDA:353,51,0,0
BRDA:353,51,1,0
BRDA:354,52,0,0
BRDA:354,52,1,0
BRDA:355,53,0,0
BRDA:355,53,1,0
BRDA:358,54,0,0
BRDA:358,54,1,0
BRF:91
BRH:0
end_of_record
TN:
SF:src/components/analytics/DataFilterPanel.jsx
FN:28,(anonymous_0)
FN:29,(anonymous_1)
FN:31,(anonymous_2)
FN:34,(anonymous_3)
FN:35,(anonymous_4)
FN:38,(anonymous_5)
FN:58,(anonymous_6)
FN:71,(anonymous_7)
FN:89,(anonymous_8)
FNF:9
FNH:0
FNDA:0,(anonymous_0)
FNDA:0,(anonymous_1)
FNDA:0,(anonymous_2)
FNDA:0,(anonymous_3)
FNDA:0,(anonymous_4)
FNDA:0,(anonymous_5)
FNDA:0,(anonymous_6)
FNDA:0,(anonymous_7)
FNDA:0,(anonymous_8)
DA:24,0
DA:25,0
DA:26,0
DA:28,0
DA:29,0
DA:30,0
DA:31,0
DA:34,0
DA:35,0
DA:38,0
DA:39,0
DA:47,0
DA:49,0
DA:58,0
DA:71,0
DA:89,0
LF:16
LH:0
BRDA:47,0,0,0
BRDA:47,0,1,0
BRDA:47,0,2,0
BRDA:96,1,0,0
BRDA:96,1,1,0
BRF:5
BRH:0
end_of_record
TN:
SF:src/components/auth/Login.jsx
FN:32,(anonymous_0)
FN:37,(anonymous_1)
FN:48,(anonymous_2)
FN:57,(anonymous_3)
FN:138,(anonymous_4)
FN:153,(anonymous_5)
FN:167,(anonymous_6)
FN:229,(anonymous_7)
FN:295,(anonymous_8)
FN:296,(anonymous_9)
FN:346,(anonymous_10)
FN:353,(anonymous_11)
FN:370,(anonymous_12)
FNF:13
FNH:0
FNDA:0,(anonymous_0)
FNDA:0,(anonymous_1)
FNDA:0,(anonymous_2)
FNDA:0,(anonymous_3)
FNDA:0,(anonymous_4)
FNDA:0,(anonymous_5)
FNDA:0,(anonymous_6)
FNDA:0,(anonymous_7)
FNDA:0,(anonymous_8)
FNDA:0,(anonymous_9)
FNDA:0,(anonymous_10)
FNDA:0,(anonymous_11)
FNDA:0,(anonymous_12)
DA:30,0
DA:32,0
DA:33,0
DA:34,0
DA:35,0
DA:36,0
DA:37,0
DA:38,0
DA:39,0
DA:40,0
DA:41,0
DA:42,0
DA:45,0
DA:48,0
DA:50,0
DA:51,0
DA:53,0
DA:57,0
DA:58,0
DA:59,0
DA:61,0
DA:62,0
DA:64,0
DA:65,0
DA:66,0
DA:67,0
DA:71,0
DA:72,0
DA:73,0
DA:82,0
DA:89,0
DA:90,0
DA:91,0
DA:93,0
DA:94,0
DA:97,0
DA:99,0
DA:100,0
DA:103,0
DA:105,0
DA:106,0
DA:109,0
DA:110,0
DA:114,0
DA:123,0
DA:127,0
DA:128,0
DA:133,0
DA:136,0
DA:137,0
DA:138,0
DA:140,0
DA:145,0
DA:154,0
DA:163,0
DA:167,0
DA:168,0
DA:169,0
DA:170,0
DA:171,0
DA:172,0
DA:174,0
DA:175,0
DA:178,0
DA:179,0
DA:183,0
DA:204,0
DA:205,0
DA:208,0
DA:229,0
DA:295,0
DA:297,0
DA:298,0
DA:300,0
DA:347,0
DA:353,0
DA:371,0
DA:372,0
DA:373,0
DA:374,0
LF:80
LH:0
BRDA:45,0,0,0
BRDA:45,0,1,0
BRDA:50,1,0,0
BRDA:50,1,1,0
BRDA:51,2,0,0
BRDA:51,2,1,0
BRDA:51,3,0,0
BRDA:51,3,1,0
BRDA:53,4,0,0
BRDA:53,4,1,0
BRDA:62,5,0,0
BRDA:62,5,1,0
BRDA:71,6,0,0
BRDA:71,6,1,0
BRDA:71,7,0,0
BRDA:71,7,1,0
BRDA:97,8,0,0
BRDA:97,8,1,0
BRDA:103,9,0,0
BRDA:103,9,1,0
BRDA:109,10,0,0
BRDA:109,10,1,0
BRDA:127,11,0,0
BRDA:127,11,1,0
BRDA:127,12,0,0
BRDA:127,12,1,0
BRDA:133,13,0,0
BRDA:133,13,1,0
BRDA:141,14,0,0
BRDA:141,14,1,0
BRDA:151,15,0,0
BRDA:151,15,1,0
BRDA:171,16,0,0
BRDA:171,16,1,0
BRDA:204,17,0,0
BRDA:204,17,1,0
BRDA:204,18,0,0
BRDA:204,18,1,0
BRDA:214,19,0,0
BRDA:214,19,1,0
BRDA:217,20,0,0
BRDA:217,20,1,0
BRDA:223,21,0,0
BRDA:223,21,1,0
BRDA:232,22,0,0
BRDA:232,22,1,0
BRDA:232,23,0,0
BRDA:232,23,1,0
BRDA:284,24,0,0
BRDA:284,24,1,0
BRDA:288,25,0,0
BRDA:288,25,1,0
BRDA:297,26,0,0
BRDA:297,26,1,0
BRDA:297,27,0,0
BRDA:297,27,1,0
BRDA:315,28,0,0
BRDA:315,28,1,0
BRDA:334,29,0,0
BRDA:334,29,1,0
BRDA:367,30,0,0
BRDA:367,30,1,0
BRDA:378,31,0,0
BRDA:378,31,1,0
BRF:64
BRH:0
end_of_record
TN:
SF:src/components/auth/ProtectedRoute.jsx
FN:13,(anonymous_0)
FN:16,(anonymous_1)
FN:20,(anonymous_2)
FN:21,(anonymous_3)
FN:184,(anonymous_4)
FN:190,(anonymous_5)
FNF:6
FNH:0
FNDA:0,(anonymous_0)
FNDA:0,(anonymous_1)
FNDA:0,(anonymous_2)
FNDA:0,(anonymous_3)
FNDA:0,(anonymous_4)
FNDA:0,(anonymous_5)
DA:13,0
DA:14,0
DA:15,0
DA:16,0
DA:17,0
DA:18,0
DA:20,0
DA:21,0
DA:24,0
DA:25,0
DA:27,0
DA:29,0
DA:30,0
DA:31,0
DA:35,0
DA:36,0
DA:39,0
DA:44,0
DA:46,0
DA:54,0
DA:55,0
DA:56,0
DA:58,0
DA:61,0
DA:63,0
DA:64,0
DA:65,0
DA:69,0
DA:70,0
DA:71,0
DA:72,0
DA:75,0
DA:76,0
DA:77,0
DA:78,0
DA:79,0
DA:81,0
DA:83,0
DA:84,0
DA:86,0
DA:91,0
DA:94,0
DA:102,0
DA:103,0
DA:104,0
DA:105,0
DA:108,0
DA:110,0
DA:111,0
DA:115,0
DA:119,0
DA:121,0
DA:123,0
DA:124,0
DA:128,0
DA:133,0
DA:134,0
DA:135,0
DA:143,0
DA:144,0
DA:151,0
DA:155,0
DA:156,0
DA:157,0
DA:161,0
DA:166,0
DA:171,0
DA:174,0
DA:177,0
DA:180,0
DA:183,0
DA:185,0
DA:190,0
DA:194,0
DA:195,0
DA:199,0
DA:201,0
DA:202,0
DA:203,0
DA:206,0
DA:207,0
DA:216,0
LF:82
LH:0
BRDA:24,0,0,0
BRDA:24,0,1,0
BRDA:27,1,0,0
BRDA:27,1,1,0
BRDA:27,2,0,0
BRDA:27,2,1,0
BRDA:35,3,0,0
BRDA:35,3,1,0
BRDA:35,4,0,0
BRDA:35,4,1,0
BRDA:39,5,0,0
BRDA:39,5,1,0
BRDA:39,5,2,0
BRDA:44,6,0,0
BRDA:44,6,1,0
BRDA:50,7,0,0
BRDA:50,7,1,0
BRDA:54,8,0,0
BRDA:54,8,1,0
BRDA:56,9,0,0
BRDA:56,9,1,0
BRDA:56,10,0,0
BRDA:56,10,1,0
BRDA:81,11,0,0
BRDA:81,11,1,0
BRDA:83,12,0,0
BRDA:83,12,1,0
BRDA:83,13,0,0
BRDA:83,13,1,0
BRDA:86,14,0,0
BRDA:86,14,1,0
BRDA:86,14,2,0
BRDA:91,15,0,0
BRDA:91,15,1,0
BRDA:98,16,0,0
BRDA:98,16,1,0
BRDA:102,17,0,0
BRDA:102,17,1,0
BRDA:104,18,0,0
BRDA:104,18,1,0
BRDA:104,19,0,0
BRDA:104,19,1,0
BRDA:119,20,0,0
BRDA:119,20,1,0
BRDA:143,21,0,0
BRDA:143,21,1,0
BRDA:151,22,0,0
BRDA:151,22,1,0
BRDA:152,23,0,0
BRDA:152,23,1,0
BRDA:194,24,0,0
BRDA:194,24,1,0
BRDA:199,25,0,0
BRDA:199,25,1,0
BRDA:199,26,0,0
BRDA:199,26,1,0
BRDA:206,27,0,0
BRDA:206,27,1,0
BRF:58
BRH:0
end_of_record
TN:
SF:src/components/automation/AutomationDashboard.jsx
FN:6,(anonymous_0)
FN:7,(anonymous_1)
FN:9,(anonymous_2)
FN:143,(anonymous_3)
FN:148,(anonymous_4)
FN:152,(anonymous_5)
FN:164,(anonymous_6)
FN:175,(anonymous_7)
FN:176,(anonymous_8)
FN:177,(anonymous_9)
FN:188,(anonymous_10)
FN:189,(anonymous_11)
FN:189,(anonymous_12)
FN:195,(anonymous_13)
FN:205,(anonymous_14)
FN:209,(anonymous_15)
FN:222,(anonymous_16)
FN:235,(anonymous_17)
FN:265,(anonymous_18)
FN:283,(anonymous_19)
FN:289,(anonymous_20)
FN:322,(anonymous_21)
FN:334,(anonymous_22)
FN:371,(anonymous_23)
FN:469,(anonymous_24)
FN:472,(anonymous_25)
FN:509,(anonymous_26)
FN:520,(anonymous_27)
FN:521,(anonymous_28)
FN:534,(anonymous_29)
FN:535,(anonymous_30)
FN:549,(anonymous_31)
FN:550,(anonymous_32)
FN:566,(anonymous_33)
FN:567,(anonymous_34)
FN:584,(anonymous_35)
FNF:36
FNH:0
FNDA:0,(anonymous_0)
FNDA:0,(anonymous_1)
FNDA:0,(anonymous_2)
FNDA:0,(anonymous_3)
FNDA:0,(anonymous_4)
FNDA:0,(anonymous_5)
FNDA:0,(anonymous_6)
FNDA:0,(anonymous_7)
FNDA:0,(anonymous_8)
FNDA:0,(anonymous_9)
FNDA:0,(anonymous_10)
FNDA:0,(anonymous_11)
FNDA:0,(anonymous_12)
FNDA:0,(anonymous_13)
FNDA:0,(anonymous_14)
FNDA:0,(anonymous_15)
FNDA:0,(anonymous_16)
FNDA:0,(anonymous_17)
FNDA:0,(anonymous_18)
FNDA:0,(anonymous_19)
FNDA:0,(anonymous_20)
FNDA:0,(anonymous_21)
FNDA:0,(anonymous_22)
FNDA:0,(anonymous_23)
FNDA:0,(anonymous_24)
FNDA:0,(anonymous_25)
FNDA:0,(anonymous_26)
FNDA:0,(anonymous_27)
FNDA:0,(anonymous_28)
FNDA:0,(anonymous_29)
FNDA:0,(anonymous_30)
FNDA:0,(anonymous_31)
FNDA:0,(anonymous_32)
FNDA:0,(anonymous_33)
FNDA:0,(anonymous_34)
FNDA:0,(anonymous_35)
DA:6,0
DA:7,0
DA:8,0
DA:9,0
DA:12,0
DA:13,0
DA:14,0
DA:15,0
DA:22,0
DA:25,0
DA:108,0
DA:143,0
DA:144,0
DA:145,0
DA:148,0
DA:149,0
DA:152,0
DA:153,0
DA:155,0
DA:164,0
DA:165,0
DA:172,0
DA:175,0
DA:176,0
DA:177,0
DA:178,0
DA:188,0
DA:189,0
DA:190,0
DA:191,0
DA:195,0
DA:196,0
DA:205,0
DA:206,0
DA:209,0
DA:210,0
DA:212,0
DA:214,0
DA:216,0
DA:218,0
DA:222,0
DA:223,0
DA:225,0
DA:227,0
DA:229,0
DA:231,0
DA:235,0
DA:236,0
DA:238,0
DA:240,0
DA:242,0
DA:244,0
DA:246,0
DA:250,0
DA:251,0
DA:253,0
DA:265,0
DA:284,0
DA:289,0
DA:323,0
DA:324,0
DA:335,0
DA:336,0
DA:372,0
DA:469,0
DA:473,0
DA:509,0
DA:521,0
DA:535,0
DA:550,0
DA:567,0
DA:584,0
LF:72
LH:0
BRDA:153,0,0,0
BRDA:153,0,1,0
BRDA:178,1,0,0
BRDA:178,1,1,0
BRDA:181,2,0,0
BRDA:181,2,1,0
BRDA:190,3,0,0
BRDA:190,3,1,0
BRDA:206,4,0,0
BRDA:206,4,1,0
BRDA:210,5,0,0
BRDA:210,5,1,0
BRDA:210,5,2,0
BRDA:210,5,3,0
BRDA:223,6,0,0
BRDA:223,6,1,0
BRDA:223,6,2,0
BRDA:223,6,3,0
BRDA:236,7,0,0
BRDA:236,7,1,0
BRDA:236,7,2,0
BRDA:236,7,3,0
BRDA:236,7,4,0
BRDA:250,8,0,0
BRDA:250,8,1,0
BRDA:251,9,0,0
BRDA:251,9,1,0
BRDA:287,10,0,0
BRDA:287,10,1,0
BRDA:298,11,0,0
BRDA:298,11,1,0
BRDA:327,12,0,0
BRDA:327,12,1,0
BRDA:330,13,0,0
BRDA:330,13,1,0
BRDA:350,14,0,0
BRDA:350,14,1,0
BRDA:363,15,0,0
BRDA:363,15,1,0
BRDA:375,16,0,0
BRDA:375,16,1,0
BRDA:395,17,0,0
BRDA:395,17,1,0
BRDA:400,18,0,0
BRDA:400,18,1,0
BRDA:415,19,0,0
BRDA:415,19,1,0
BRDA:421,20,0,0
BRDA:421,20,1,0
BRDA:435,21,0,0
BRDA:435,21,1,0
BRDA:443,22,0,0
BRDA:443,22,1,0
BRDA:481,23,0,0
BRDA:481,23,1,0
BRDA:502,24,0,0
BRDA:502,24,1,0
BRF:57
BRH:0
end_of_record
TN:
SF:src/components/custom/MIARetailDashboard.jsx
FN:33,(anonymous_0)
FN:41,(anonymous_1)
FN:45,(anonymous_2)
FN:48,(anonymous_3)
FN:86,(anonymous_4)
FN:300,(anonymous_5)
FN:303,(anonymous_6)
FN:339,(anonymous_7)
FN:369,(anonymous_8)
FN:373,(anonymous_9)
FNF:10
FNH:0
FNDA:0,(anonymous_0)
FNDA:0,(anonymous_1)
FNDA:0,(anonymous_2)
FNDA:0,(anonymous_3)
FNDA:0,(anonymous_4)
FNDA:0,(anonymous_5)
FNDA:0,(anonymous_6)
FNDA:0,(anonymous_7)
FNDA:0,(anonymous_8)
FNDA:0,(anonymous_9)
DA:33,0
DA:34,0
DA:35,0
DA:36,0
DA:37,0
DA:38,0
DA:39,0
DA:41,0
DA:42,0
DA:44,0
DA:45,0
DA:48,0
DA:49,0
DA:50,0
DA:51,0
DA:53,0
DA:60,0
DA:61,0
DA:62,0
DA:63,0
DA:66,0
DA:67,0
DA:69,0
DA:74,0
DA:85,0
DA:86,0
DA:90,0
DA:102,0
DA:103,0
DA:117,0
DA:118,0
DA:129,0
DA:300,0
DA:303,0
DA:340,0
DA:369,0
DA:373,0
LF:37
LH:0
BRDA:60,0,0,0
BRDA:60,0,1,0
BRDA:61,1,0,0
BRDA:61,1,1,0
BRDA:62,2,0,0
BRDA:62,2,1,0
BRDA:63,3,0,0
BRDA:63,3,1,0
BRDA:85,4,0,0
BRDA:85,4,1,0
BRDA:90,5,0,0
BRDA:90,5,1,0
BRDA:102,6,0,0
BRDA:102,6,1,0
BRDA:102,7,0,0
BRDA:102,7,1,0
BRDA:117,8,0,0
BRDA:117,8,1,0
BRDA:161,9,0,0
BRDA:161,9,1,0
BRDA:171,10,0,0
BRDA:171,10,1,0
BRDA:198,11,0,0
BRDA:198,11,1,0
BRDA:208,12,0,0
BRDA:208,12,1,0
BRDA:235,13,0,0
BRDA:235,13,1,0
BRDA:236,14,0,0
BRDA:236,14,1,0
BRDA:246,15,0,0
BRDA:246,15,1,0
BRDA:273,16,0,0
BRDA:273,16,1,0
BRDA:283,17,0,0
BRDA:283,17,1,0
BRDA:326,18,0,0
BRDA:326,18,1,0
BRDA:358,19,0,0
BRDA:358,19,1,0
BRDA:406,20,0,0
BRDA:406,20,1,0
BRDA:418,21,0,0
BRDA:418,21,1,0
BRDA:430,22,0,0
BRDA:430,22,1,0
BRDA:442,23,0,0
BRDA:442,23,1,0
BRF:48
BRH:0
end_of_record
TN:
SF:src/components/custom/YourMetricsWidget.jsx
FN:27,(anonymous_0)
FN:33,(anonymous_1)
FN:37,(anonymous_2)
FN:40,(anonymous_3)
FN:55,(anonymous_4)
FN:71,(anonymous_5)
FN:240,(anonymous_6)
FN:242,(anonymous_7)
FNF:8
FNH:0
FNDA:0,(anonymous_0)
FNDA:0,(anonymous_1)
FNDA:0,(anonymous_2)
FNDA:0,(anonymous_3)
FNDA:0,(anonymous_4)
FNDA:0,(anonymous_5)
FNDA:0,(anonymous_6)
FNDA:0,(anonymous_7)
DA:27,0
DA:28,0
DA:29,0
DA:30,0
DA:31,0
DA:33,0
DA:34,0
DA:36,0
DA:37,0
DA:40,0
DA:41,0
DA:42,0
DA:43,0
DA:47,0
DA:49,0
DA:51,0
DA:53,0
DA:56,0
DA:58,0
DA:67,0
DA:72,0
DA:74,0
DA:83,0
DA:88,0
DA:89,0
DA:91,0
DA:93,0
DA:98,0
DA:103,0
DA:105,0
DA:110,0
DA:120,0
DA:121,0
DA:133,0
DA:134,0
DA:141,0
DA:240,0
DA:242,0
LF:38
LH:0
BRDA:47,0,0,0
BRDA:47,0,1,0
BRDA:49,1,0,0
BRDA:49,1,1,0
BRDA:51,2,0,0
BRDA:51,2,1,0
BRDA:56,3,0,0
BRDA:56,3,1,0
BRDA:72,4,0,0
BRDA:72,4,1,0
BRDA:88,5,0,0
BRDA:88,5,1,0
BRDA:89,6,0,0
BRDA:89,6,1,0
BRDA:120,7,0,0
BRDA:120,7,1,0
BRDA:120,8,0,0
BRDA:120,8,1,0
BRDA:120,8,2,0
BRDA:133,9,0,0
BRDA:133,9,1,0
BRDA:162,10,0,0
BRDA:162,10,1,0
BRDA:165,11,0,0
BRDA:165,11,1,0
BRDA:166,12,0,0
BRDA:166,12,1,0
BRDA:170,13,0,0
BRDA:170,13,1,0
BRDA:171,14,0,0
BRDA:171,14,1,0
BRDA:189,15,0,0
BRDA:189,15,1,0
BRDA:196,16,0,0
BRDA:196,16,1,0
BRDA:197,17,0,0
BRDA:197,17,1,0
BRDA:215,18,0,0
BRDA:215,18,1,0
BRDA:218,19,0,0
BRDA:218,19,1,0
BRDA:219,20,0,0
BRDA:219,20,1,0
BRF:43
BRH:0
end_of_record
TN:
SF:src/components/data/footerData.js
FNF:0
FNH:0
DA:1,0
LF:1
LH:0
BRF:0
BRH:0
end_of_record
TN:
SF:src/components/data/navigationData.js
FNF:0
FNH:0
DA:1,0
LF:1
LH:0
BRF:0
BRH:0
end_of_record
TN:
SF:src/components/google/GoogleAppsScriptIntegration.jsx
FN:8,(anonymous_0)
FN:9,(anonymous_1)
FN:11,(anonymous_2)
FN:88,(anonymous_3)
FN:92,(anonymous_4)
FN:97,(anonymous_5)
FN:131,(anonymous_6)
FN:150,(anonymous_7)
FN:164,(anonymous_8)
FN:180,(anonymous_9)
FN:186,(anonymous_10)
FN:189,(anonymous_11)
FN:190,(anonymous_12)
FN:201,(anonymous_13)
FN:208,(anonymous_14)
FN:209,(anonymous_15)
FN:209,(anonymous_16)
FN:216,(anonymous_17)
FN:226,(anonymous_18)
FN:230,(anonymous_19)
FN:258,(anonymous_20)
FN:274,(anonymous_21)
FN:280,(anonymous_22)
FN:302,(anonymous_23)
FN:345,(anonymous_24)
FN:356,(anonymous_25)
FN:391,(anonymous_26)
FN:402,(anonymous_27)
FN:411,(anonymous_28)
FN:421,(anonymous_29)
FNF:30
FNH:0
FNDA:0,(anonymous_0)
FNDA:0,(anonymous_1)
FNDA:0,(anonymous_2)
FNDA:0,(anonymous_3)
FNDA:0,(anonymous_4)
FNDA:0,(anonymous_5)
FNDA:0,(anonymous_6)
FNDA:0,(anonymous_7)
FNDA:0,(anonymous_8)
FNDA:0,(anonymous_9)
FNDA:0,(anonymous_10)
FNDA:0,(anonymous_11)
FNDA:0,(anonymous_12)
FNDA:0,(anonymous_13)
FNDA:0,(anonymous_14)
FNDA:0,(anonymous_15)
FNDA:0,(anonymous_16)
FNDA:0,(anonymous_17)
FNDA:0,(anonymous_18)
FNDA:0,(anonymous_19)
FNDA:0,(anonymous_20)
FNDA:0,(anonymous_21)
FNDA:0,(anonymous_22)
FNDA:0,(anonymous_23)
FNDA:0,(anonymous_24)
FNDA:0,(anonymous_25)
FNDA:0,(anonymous_26)
FNDA:0,(anonymous_27)
FNDA:0,(anonymous_28)
FNDA:0,(anonymous_29)
DA:8,0
DA:9,0
DA:10,0
DA:11,0
DA:14,0
DA:15,0
DA:16,0
DA:17,0
DA:18,0
DA:19,0
DA:20,0
DA:21,0
DA:24,0
DA:88,0
DA:89,0
DA:92,0
DA:93,0
DA:94,0
DA:97,0
DA:98,0
DA:100,0
DA:101,0
DA:103,0
DA:105,0
DA:115,0
DA:116,0
DA:123,0
DA:130,0
DA:131,0
DA:144,0
DA:146,0
DA:149,0
DA:150,0
DA:158,0
DA:160,0
DA:164,0
DA:165,0
DA:167,0
DA:180,0
DA:181,0
DA:182,0
DA:183,0
DA:186,0
DA:187,0
DA:189,0
DA:190,0
DA:191,0
DA:201,0
DA:208,0
DA:209,0
DA:210,0
DA:211,0
DA:212,0
DA:216,0
DA:217,0
DA:226,0
DA:227,0
DA:230,0
DA:231,0
DA:233,0
DA:235,0
DA:237,0
DA:239,0
DA:243,0
DA:244,0
DA:246,0
DA:258,0
DA:275,0
DA:280,0
DA:303,0
DA:304,0
DA:345,0
DA:357,0
DA:391,0
DA:402,0
DA:411,0
DA:421,0
LF:77
LH:0
BRDA:98,0,0,0
BRDA:98,0,1,0
BRDA:115,1,0,0
BRDA:115,1,1,0
BRDA:118,2,0,0
BRDA:118,2,1,0
BRDA:119,3,0,0
BRDA:119,3,1,0
BRDA:125,4,0,0
BRDA:125,4,1,0
BRDA:126,5,0,0
BRDA:126,5,1,0
BRDA:130,6,0,0
BRDA:130,6,1,0
BRDA:146,7,0,0
BRDA:146,7,1,0
BRDA:165,8,0,0
BRDA:165,8,1,0
BRDA:187,9,0,0
BRDA:187,9,1,0
BRDA:191,10,0,0
BRDA:191,10,1,0
BRDA:210,11,0,0
BRDA:210,11,1,0
BRDA:227,12,0,0
BRDA:227,12,1,0
BRDA:231,13,0,0
BRDA:231,13,1,0
BRDA:231,13,2,0
BRDA:231,13,3,0
BRDA:243,14,0,0
BRDA:243,14,1,0
BRDA:244,15,0,0
BRDA:244,15,1,0
BRDA:278,16,0,0
BRDA:278,16,1,0
BRDA:290,17,0,0
BRDA:290,17,1,0
BRDA:318,18,0,0
BRDA:318,18,1,0
BRDA:337,19,0,0
BRDA:337,19,1,0
BRDA:352,20,0,0
BRDA:352,20,1,0
BRDA:384,21,0,0
BRDA:384,21,1,0
BRF:46
BRH:0
end_of_record
TN:
SF:src/components/google/GoogleDriveIntegration.jsx
FN:44,(anonymous_0)
FN:45,(anonymous_1)
FN:75,(anonymous_2)
FN:83,(anonymous_3)
FN:95,(anonymous_4)
FN:127,(anonymous_5)
FN:131,(anonymous_6)
FN:135,(anonymous_7)
FN:139,(anonymous_8)
FN:140,(anonymous_9)
FN:142,(anonymous_10)
FN:147,(anonymous_11)
FN:150,(anonymous_12)
FN:156,(anonymous_13)
FN:166,(anonymous_14)
FN:192,(anonymous_15)
FN:197,(anonymous_16)
FN:209,(anonymous_17)
FN:214,(anonymous_18)
FN:226,(anonymous_19)
FN:245,(anonymous_20)
FN:264,(anonymous_21)
FN:279,(anonymous_22)
FN:318,(anonymous_23)
FN:334,(anonymous_24)
FN:345,(anonymous_25)
FN:362,(anonymous_26)
FN:373,(anonymous_27)
FN:384,(anonymous_28)
FN:388,(anonymous_29)
FN:421,(anonymous_30)
FN:428,(anonymous_31)
FN:434,(anonymous_32)
FN:445,(anonymous_33)
FN:456,(anonymous_34)
FN:471,(anonymous_35)
FN:510,(anonymous_36)
FN:517,(anonymous_37)
FN:518,(anonymous_38)
FN:535,(anonymous_39)
FN:542,(anonymous_40)
FN:549,(anonymous_41)
FN:556,(anonymous_42)
FN:566,(anonymous_43)
FN:587,(anonymous_44)
FN:594,(anonymous_45)
FN:595,(anonymous_46)
FN:608,(anonymous_47)
FN:615,(anonymous_48)
FN:624,(anonymous_49)
FN:640,(anonymous_50)
FN:647,(anonymous_51)
FN:657,(anonymous_52)
FN:687,(anonymous_53)
FN:697,(anonymous_54)
FN:708,(anonymous_55)
FN:725,(anonymous_56)
FN:745,(anonymous_57)
FN:756,(anonymous_58)
FN:766,(anonymous_59)
FN:774,(anonymous_60)
FN:784,(anonymous_61)
FN:797,(anonymous_62)
FN:814,(anonymous_63)
FN:875,(anonymous_64)
FN:884,(anonymous_65)
FN:895,(anonymous_66)
FN:947,(anonymous_67)
FN:952,(anonymous_68)
FNF:69
FNH:0
FNDA:0,(anonymous_0)
FNDA:0,(anonymous_1)
FNDA:0,(anonymous_2)
FNDA:0,(anonymous_3)
FNDA:0,(anonymous_4)
FNDA:0,(anonymous_5)
FNDA:0,(anonymous_6)
FNDA:0,(anonymous_7)
FNDA:0,(anonymous_8)
FNDA:0,(anonymous_9)
FNDA:0,(anonymous_10)
FNDA:0,(anonymous_11)
FNDA:0,(anonymous_12)
FNDA:0,(anonymous_13)
FNDA:0,(anonymous_14)
FNDA:0,(anonymous_15)
FNDA:0,(anonymous_16)
FNDA:0,(anonymous_17)
FNDA:0,(anonymous_18)
FNDA:0,(anonymous_19)
FNDA:0,(anonymous_20)
FNDA:0,(anonymous_21)
FNDA:0,(anonymous_22)
FNDA:0,(anonymous_23)
FNDA:0,(anonymous_24)
FNDA:0,(anonymous_25)
FNDA:0,(anonymous_26)
FNDA:0,(anonymous_27)
FNDA:0,(anonymous_28)
FNDA:0,(anonymous_29)
FNDA:0,(anonymous_30)
FNDA:0,(anonymous_31)
FNDA:0,(anonymous_32)
FNDA:0,(anonymous_33)
FNDA:0,(anonymous_34)
FNDA:0,(anonymous_35)
FNDA:0,(anonymous_36)
FNDA:0,(anonymous_37)
FNDA:0,(anonymous_38)
FNDA:0,(anonymous_39)
FNDA:0,(anonymous_40)
FNDA:0,(anonymous_41)
FNDA:0,(anonymous_42)
FNDA:0,(anonymous_43)
FNDA:0,(anonymous_44)
FNDA:0,(anonymous_45)
FNDA:0,(anonymous_46)
FNDA:0,(anonymous_47)
FNDA:0,(anonymous_48)
FNDA:0,(anonymous_49)
FNDA:0,(anonymous_50)
FNDA:0,(anonymous_51)
FNDA:0,(anonymous_52)
FNDA:0,(anonymous_53)
FNDA:0,(anonymous_54)
FNDA:0,(anonymous_55)
FNDA:0,(anonymous_56)
FNDA:0,(anonymous_57)
FNDA:0,(anonymous_58)
FNDA:0,(anonymous_59)
FNDA:0,(anonymous_60)
FNDA:0,(anonymous_61)
FNDA:0,(anonymous_62)
FNDA:0,(anonymous_63)
FNDA:0,(anonymous_64)
FNDA:0,(anonymous_65)
FNDA:0,(anonymous_66)
FNDA:0,(anonymous_67)
FNDA:0,(anonymous_68)
DA:40,0
DA:41,0
DA:42,0
DA:44,0
DA:45,0
DA:47,0
DA:48,0
DA:49,0
DA:50,0
DA:51,0
DA:52,0
DA:53,0
DA:54,0
DA:55,0
DA:58,0
DA:59,0
DA:60,0
DA:61,0
DA:62,0
DA:63,0
DA:64,0
DA:67,0
DA:68,0
DA:69,0
DA:70,0
DA:71,0
DA:72,0
DA:75,0
DA:76,0
DA:77,0
DA:78,0
DA:79,0
DA:83,0
DA:84,0
DA:85,0
DA:86,0
DA:87,0
DA:92,0
DA:93,0
DA:95,0
DA:96,0
DA:107,0
DA:108,0
DA:110,0
DA:114,0
DA:115,0
DA:117,0
DA:118,0
DA:119,0
DA:120,0
DA:121,0
DA:123,0
DA:127,0
DA:128,0
DA:131,0
DA:132,0
DA:135,0
DA:136,0
DA:139,0
DA:140,0
DA:141,0
DA:142,0
DA:147,0
DA:149,0
DA:150,0
DA:152,0
DA:153,0
DA:156,0
DA:158,0
DA:159,0
DA:161,0
DA:162,0
DA:163,0
DA:166,0
DA:167,0
DA:169,0
DA:170,0
DA:171,0
DA:175,0
DA:176,0
DA:178,0
DA:183,0
DA:184,0
DA:185,0
DA:187,0
DA:188,0
DA:192,0
DA:193,0
DA:195,0
DA:196,0
DA:197,0
DA:200,0
DA:201,0
DA:202,0
DA:204,0
DA:205,0
DA:209,0
DA:210,0
DA:212,0
DA:213,0
DA:214,0
DA:215,0
DA:216,0
DA:219,0
DA:221,0
DA:222,0
DA:226,0
DA:227,0
DA:229,0
DA:230,0
DA:235,0
DA:236,0
DA:237,0
DA:238,0
DA:240,0
DA:241,0
DA:245,0
DA:246,0
DA:248,0
DA:249,0
DA:253,0
DA:254,0
DA:255,0
DA:256,0
DA:257,0
DA:259,0
DA:260,0
DA:264,0
DA:265,0
DA:266,0
DA:267,0
DA:272,0
DA:274,0
DA:275,0
DA:279,0
DA:280,0
DA:283,0
DA:285,0
DA:286,0
DA:287,0
DA:288,0
DA:290,0
DA:291,0
DA:292,0
DA:293,0
DA:299,0
DA:300,0
DA:301,0
DA:302,0
DA:308,0
DA:309,0
DA:310,0
DA:312,0
DA:318,0
DA:319,0
DA:320,0
DA:326,0
DA:327,0
DA:329,0
DA:330,0
DA:334,0
DA:335,0
DA:336,0
DA:337,0
DA:338,0
DA:339,0
DA:340,0
DA:341,0
DA:342,0
DA:345,0
DA:346,0
DA:355,0
DA:356,0
DA:357,0
DA:358,0
DA:362,0
DA:368,0
DA:374,0
DA:375,0
DA:376,0
DA:384,0
DA:388,0
DA:404,0
DA:421,0
DA:428,0
DA:435,0
DA:436,0
DA:446,0
DA:447,0
DA:448,0
DA:449,0
DA:456,0
DA:471,0
DA:511,0
DA:517,0
DA:518,0
DA:535,0
DA:542,0
DA:549,0
DA:557,0
DA:558,0
DA:567,0
DA:568,0
DA:569,0
DA:588,0
DA:594,0
DA:595,0
DA:608,0
DA:616,0
DA:625,0
DA:626,0
DA:629,0
DA:631,0
DA:640,0
DA:648,0
DA:649,0
DA:658,0
DA:659,0
DA:660,0
DA:688,0
DA:689,0
DA:697,0
DA:709,0
DA:710,0
DA:711,0
DA:725,0
DA:746,0
DA:747,0
DA:748,0
DA:756,0
DA:767,0
DA:768,0
DA:775,0
DA:776,0
DA:785,0
DA:786,0
DA:787,0
DA:798,0
DA:799,0
DA:802,0
DA:804,0
DA:815,0
DA:816,0
DA:819,0
DA:820,0
DA:821,0
DA:822,0
DA:824,0
DA:876,0
DA:877,0
DA:878,0
DA:879,0
DA:885,0
DA:886,0
DA:896,0
DA:897,0
DA:898,0
DA:901,0
DA:903,0
DA:947,0
DA:953,0
DA:954,0
DA:955,0
DA:958,0
DA:960,0
LF:265
LH:0
BRDA:76,0,0,0
BRDA:76,0,1,0
BRDA:100,1,0,0
BRDA:100,1,1,0
BRDA:107,2,0,0
BRDA:107,2,1,0
BRDA:141,3,0,0
BRDA:141,3,1,0
BRDA:149,4,0,0
BRDA:149,4,1,0
BRDA:159,5,0,0
BRDA:159,5,1,0
BRDA:167,6,0,0
BRDA:167,6,1,0
BRDA:170,7,0,0
BRDA:170,7,1,0
BRDA:193,8,0,0
BRDA:193,8,1,0
BRDA:210,9,0,0
BRDA:210,9,1,0
BRDA:215,10,0,0
BRDA:215,10,1,0
BRDA:215,11,0,0
BRDA:215,11,1,0
BRDA:227,12,0,0
BRDA:227,12,1,0
BRDA:227,13,0,0
BRDA:227,13,1,0
BRDA:246,14,0,0
BRDA:246,14,1,0
BRDA:246,15,0,0
BRDA:246,15,1,0
BRDA:270,16,0,0
BRDA:270,16,1,0
BRDA:280,17,0,0
BRDA:280,17,1,0
BRDA:283,18,0,0
BRDA:283,18,1,0
BRDA:285,19,0,0
BRDA:285,19,1,0
BRDA:288,20,0,0
BRDA:288,20,1,0
BRDA:293,21,0,0
BRDA:293,21,1,0
BRDA:294,22,0,0
BRDA:294,22,1,0
BRDA:294,22,2,0
BRDA:302,23,0,0
BRDA:302,23,1,0
BRDA:303,24,0,0
BRDA:303,24,1,0
BRDA:303,24,2,0
BRDA:335,25,0,0
BRDA:335,25,1,0
BRDA:336,26,0,0
BRDA:336,26,1,0
BRDA:337,27,0,0
BRDA:337,27,1,0
BRDA:338,28,0,0
BRDA:338,28,1,0
BRDA:339,29,0,0
BRDA:339,29,1,0
BRDA:340,30,0,0
BRDA:340,30,1,0
BRDA:341,31,0,0
BRDA:341,31,1,0
BRDA:355,32,0,0
BRDA:355,32,1,0
BRDA:355,33,0,0
BRDA:355,33,1,0
BRDA:357,34,0,0
BRDA:357,34,1,0
BRDA:357,35,0,0
BRDA:357,35,1,0
BRDA:361,36,0,0
BRDA:361,36,1,0
BRDA:395,37,0,0
BRDA:395,37,1,0
BRDA:420,38,0,0
BRDA:420,38,1,0
BRDA:427,39,0,0
BRDA:427,39,1,0
BRDA:447,40,0,0
BRDA:447,40,1,0
BRDA:478,41,0,0
BRDA:478,41,1,0
BRDA:506,42,0,0
BRDA:506,42,1,0
BRDA:515,43,0,0
BRDA:515,43,1,0
BRDA:583,44,0,0
BRDA:583,44,1,0
BRDA:592,45,0,0
BRDA:592,45,1,0
BRDA:673,46,0,0
BRDA:673,46,1,0
BRDA:673,46,2,0
BRDA:684,47,0,0
BRDA:684,47,1,0
BRDA:695,48,0,0
BRDA:695,48,1,0
BRDA:786,49,0,0
BRDA:786,49,1,0
BRDA:792,50,0,0
BRDA:792,50,1,0
BRDA:837,51,0,0
BRDA:837,51,1,0
BRDA:845,52,0,0
BRDA:845,52,1,0
BRDA:856,53,0,0
BRDA:856,53,1,0
BRDA:873,54,0,0
BRDA:873,54,1,0
BRDA:885,55,0,0
BRDA:885,55,1,0
BRDA:896,56,0,0
BRDA:896,56,1,0
BRDA:915,57,0,0
BRDA:915,57,1,0
BRDA:915,57,2,0
BRDA:929,58,0,0
BRDA:929,58,1,0
BRDA:929,58,2,0
BRDA:936,59,0,0
BRDA:936,59,1,0
BRDA:936,59,2,0
BRDA:943,60,0,0
BRDA:943,60,1,0
BRDA:943,60,2,0
BRDA:953,61,0,0
BRDA:953,61,1,0
BRF:131
BRH:0
end_of_record
TN:
SF:src/components/google/GoogleSheetsCollaborative.jsx
FN:16,(anonymous_0)
FN:28,(anonymous_1)
FN:35,(anonymous_2)
FN:37,(anonymous_3)
FN:37,(anonymous_4)
FN:45,(anonymous_5)
FN:47,(anonymous_6)
FN:47,(anonymous_7)
FN:48,(anonymous_8)
FN:58,(anonymous_9)
FN:67,(anonymous_10)
FN:75,(anonymous_11)
FN:87,(anonymous_12)
FN:89,(anonymous_13)
FN:97,(anonymous_14)
FN:110,(anonymous_15)
FN:121,(anonymous_16)
FN:129,(anonymous_17)
FN:166,(anonymous_18)
FN:179,(anonymous_19)
FN:182,(anonymous_20)
FN:191,(anonymous_21)
FN:197,(anonymous_22)
FN:216,(anonymous_23)
FN:224,(anonymous_24)
FN:242,(anonymous_25)
FNF:26
FNH:0
FNDA:0,(anonymous_0)
FNDA:0,(anonymous_1)
FNDA:0,(anonymous_2)
FNDA:0,(anonymous_3)
FNDA:0,(anonymous_4)
FNDA:0,(anonymous_5)
FNDA:0,(anonymous_6)
FNDA:0,(anonymous_7)
FNDA:0,(anonymous_8)
FNDA:0,(anonymous_9)
FNDA:0,(anonymous_10)
FNDA:0,(anonymous_11)
FNDA:0,(anonymous_12)
FNDA:0,(anonymous_13)
FNDA:0,(anonymous_14)
FNDA:0,(anonymous_15)
FNDA:0,(anonymous_16)
FNDA:0,(anonymous_17)
FNDA:0,(anonymous_18)
FNDA:0,(anonymous_19)
FNDA:0,(anonymous_20)
FNDA:0,(anonymous_21)
FNDA:0,(anonymous_22)
FNDA:0,(anonymous_23)
FNDA:0,(anonymous_24)
FNDA:0,(anonymous_25)
DA:13,0
DA:14,0
DA:16,0
DA:17,0
DA:21,0
DA:22,0
DA:23,0
DA:24,0
DA:25,0
DA:28,0
DA:29,0
DA:30,0
DA:33,0
DA:36,0
DA:37,0
DA:38,0
DA:43,0
DA:46,0
DA:47,0
DA:48,0
DA:49,0
DA:50,0
DA:51,0
DA:58,0
DA:59,0
DA:60,0
DA:65,0
DA:74,0
DA:75,0
DA:79,0
DA:85,0
DA:88,0
DA:89,0
DA:97,0
DA:98,0
DA:99,0
DA:100,0
DA:101,0
DA:102,0
DA:103,0
DA:109,0
DA:111,0
DA:113,0
DA:114,0
DA:121,0
DA:122,0
DA:125,0
DA:126,0
DA:129,0
DA:138,0
DA:139,0
DA:140,0
DA:145,0
DA:147,0
DA:167,0
DA:180,0
DA:181,0
DA:182,0
DA:185,0
DA:191,0
DA:198,0
DA:216,0
DA:225,0
DA:226,0
DA:243,0
LF:65
LH:0
BRDA:16,0,0,0
BRDA:29,1,0,0
BRDA:29,1,1,0
BRDA:29,2,0,0
BRDA:29,2,1,0
BRDA:36,3,0,0
BRDA:36,3,1,0
BRDA:46,4,0,0
BRDA:46,4,1,0
BRDA:59,5,0,0
BRDA:59,5,1,0
BRDA:60,6,0,0
BRDA:60,6,1,0
BRDA:74,7,0,0
BRDA:74,7,1,0
BRDA:74,8,0,0
BRDA:74,8,1,0
BRDA:88,9,0,0
BRDA:88,9,1,0
BRDA:88,10,0,0
BRDA:88,10,1,0
BRDA:113,11,0,0
BRDA:113,11,1,0
BRDA:113,12,0,0
BRDA:113,12,1,0
BRDA:122,13,0,0
BRDA:122,13,1,0
BRDA:122,14,0,0
BRDA:122,14,1,0
BRDA:125,15,0,0
BRDA:125,15,1,0
BRDA:125,16,0,0
BRDA:125,16,1,0
BRDA:154,17,0,0
BRDA:154,17,1,0
BRDA:155,18,0,0
BRDA:155,18,1,0
BRDA:157,19,0,0
BRDA:157,19,1,0
BRDA:165,20,0,0
BRDA:165,20,1,0
BRDA:168,21,0,0
BRDA:168,21,1,0
BRDA:188,22,0,0
BRDA:188,22,1,0
BRDA:189,23,0,0
BRDA:189,23,1,0
BRDA:194,24,0,0
BRDA:194,24,1,0
BRDA:195,25,0,0
BRDA:195,25,1,0
BRDA:210,26,0,0
BRDA:210,26,1,0
BRDA:237,27,0,0
BRDA:237,27,1,0
BRF:55
BRH:0
end_of_record
TN:
SF:src/components/google/GoogleSheetsIntegration.jsx
FN:8,(anonymous_0)
FN:10,(anonymous_1)
FN:12,(anonymous_2)
FN:32,(anonymous_3)
FN:33,(anonymous_4)
FN:44,(anonymous_5)
FN:70,(anonymous_6)
FN:71,(anonymous_7)
FN:105,(anonymous_8)
FN:107,(anonymous_9)
FN:108,(anonymous_10)
FN:118,(anonymous_11)
FN:125,(anonymous_12)
FN:139,(anonymous_13)
FN:154,(anonymous_14)
FN:156,(anonymous_15)
FN:166,(anonymous_16)
FN:190,(anonymous_17)
FN:201,(anonymous_18)
FN:221,(anonymous_19)
FN:224,(anonymous_20)
FN:239,(anonymous_21)
FN:242,(anonymous_22)
FN:243,(anonymous_23)
FN:249,(anonymous_24)
FN:256,(anonymous_25)
FN:258,(anonymous_26)
FN:263,(anonymous_27)
FN:264,(anonymous_28)
FN:265,(anonymous_29)
FN:270,(anonymous_30)
FN:271,(anonymous_31)
FN:273,(anonymous_32)
FN:278,(anonymous_33)
FN:279,(anonymous_34)
FN:285,(anonymous_35)
FN:287,(anonymous_36)
FN:293,(anonymous_37)
FN:297,(anonymous_38)
FN:313,(anonymous_39)
FN:328,(anonymous_40)
FN:336,(anonymous_41)
FN:357,(anonymous_42)
FN:388,(anonymous_43)
FN:391,(anonymous_44)
FN:397,(anonymous_45)
FN:398,(anonymous_46)
FN:431,(anonymous_47)
FN:441,(anonymous_48)
FN:451,(anonymous_49)
FN:461,(anonymous_50)
FN:471,(anonymous_51)
FN:507,(anonymous_52)
FN:525,(anonymous_53)
FN:541,(anonymous_54)
FN:547,(anonymous_55)
FN:549,(anonymous_56)
FN:558,(anonymous_57)
FN:597,(anonymous_58)
FN:608,(anonymous_59)
FN:617,(anonymous_60)
FN:641,(anonymous_61)
FN:652,(anonymous_62)
FN:661,(anonymous_63)
FNF:64
FNH:0
FNDA:0,(anonymous_0)
FNDA:0,(anonymous_1)
FNDA:0,(anonymous_2)
FNDA:0,(anonymous_3)
FNDA:0,(anonymous_4)
FNDA:0,(anonymous_5)
FNDA:0,(anonymous_6)
FNDA:0,(anonymous_7)
FNDA:0,(anonymous_8)
FNDA:0,(anonymous_9)
FNDA:0,(anonymous_10)
FNDA:0,(anonymous_11)
FNDA:0,(anonymous_12)
FNDA:0,(anonymous_13)
FNDA:0,(anonymous_14)
FNDA:0,(anonymous_15)
FNDA:0,(anonymous_16)
FNDA:0,(anonymous_17)
FNDA:0,(anonymous_18)
FNDA:0,(anonymous_19)
FNDA:0,(anonymous_20)
FNDA:0,(anonymous_21)
FNDA:0,(anonymous_22)
FNDA:0,(anonymous_23)
FNDA:0,(anonymous_24)
FNDA:0,(anonymous_25)
FNDA:0,(anonymous_26)
FNDA:0,(anonymous_27)
FNDA:0,(anonymous_28)
FNDA:0,(anonymous_29)
FNDA:0,(anonymous_30)
FNDA:0,(anonymous_31)
FNDA:0,(anonymous_32)
FNDA:0,(anonymous_33)
FNDA:0,(anonymous_34)
FNDA:0,(anonymous_35)
FNDA:0,(anonymous_36)
FNDA:0,(anonymous_37)
FNDA:0,(anonymous_38)
FNDA:0,(anonymous_39)
FNDA:0,(anonymous_40)
FNDA:0,(anonymous_41)
FNDA:0,(anonymous_42)
FNDA:0,(anonymous_43)
FNDA:0,(anonymous_44)
FNDA:0,(anonymous_45)
FNDA:0,(anonymous_46)
FNDA:0,(anonymous_47)
FNDA:0,(anonymous_48)
FNDA:0,(anonymous_49)
FNDA:0,(anonymous_50)
FNDA:0,(anonymous_51)
FNDA:0,(anonymous_52)
FNDA:0,(anonymous_53)
FNDA:0,(anonymous_54)
FNDA:0,(anonymous_55)
FNDA:0,(anonymous_56)
FNDA:0,(anonymous_57)
FNDA:0,(anonymous_58)
FNDA:0,(anonymous_59)
FNDA:0,(anonymous_60)
FNDA:0,(anonymous_61)
FNDA:0,(anonymous_62)
FNDA:0,(anonymous_63)
DA:8,0
DA:10,0
DA:11,0
DA:12,0
DA:15,0
DA:16,0
DA:17,0
DA:18,0
DA:19,0
DA:20,0
DA:21,0
DA:22,0
DA:23,0
DA:24,0
DA:25,0
DA:26,0
DA:27,0
DA:28,0
DA:29,0
DA:32,0
DA:33,0
DA:34,0
DA:35,0
DA:36,0
DA:37,0
DA:39,0
DA:44,0
DA:51,0
DA:55,0
DA:56,0
DA:58,0
DA:60,0
DA:62,0
DA:66,0
DA:70,0
DA:71,0
DA:72,0
DA:73,0
DA:74,0
DA:77,0
DA:78,0
DA:81,0
DA:87,0
DA:88,0
DA:89,0
DA:93,0
DA:95,0
DA:96,0
DA:98,0
DA:102,0
DA:105,0
DA:106,0
DA:107,0
DA:108,0
DA:109,0
DA:112,0
DA:114,0
DA:118,0
DA:119,0
DA:120,0
DA:121,0
DA:125,0
DA:126,0
DA:127,0
DA:135,0
DA:136,0
DA:139,0
DA:140,0
DA:154,0
DA:156,0
DA:157,0
DA:158,0
DA:159,0
DA:160,0
DA:161,0
DA:162,0
DA:163,0
DA:166,0
DA:167,0
DA:169,0
DA:170,0
DA:174,0
DA:179,0
DA:186,0
DA:187,0
DA:190,0
DA:197,0
DA:200,0
DA:201,0
DA:203,0
DA:204,0
DA:207,0
DA:208,0
DA:209,0
DA:213,0
DA:214,0
DA:216,0
DA:217,0
DA:221,0
DA:222,0
DA:224,0
DA:225,0
DA:227,0
DA:230,0
DA:234,0
DA:235,0
DA:236,0
DA:239,0
DA:240,0
DA:242,0
DA:243,0
DA:246,0
DA:249,0
DA:250,0
DA:252,0
DA:253,0
DA:256,0
DA:257,0
DA:258,0
DA:260,0
DA:263,0
DA:264,0
DA:265,0
DA:267,0
DA:270,0
DA:271,0
DA:272,0
DA:273,0
DA:278,0
DA:279,0
DA:280,0
DA:285,0
DA:286,0
DA:287,0
DA:289,0
DA:290,0
DA:293,0
DA:294,0
DA:297,0
DA:298,0
DA:299,0
DA:300,0
DA:301,0
DA:304,0
DA:305,0
DA:308,0
DA:309,0
DA:313,0
DA:318,0
DA:328,0
DA:336,0
DA:357,0
DA:389,0
DA:392,0
DA:397,0
DA:399,0
DA:432,0
DA:433,0
DA:442,0
DA:443,0
DA:452,0
DA:453,0
DA:462,0
DA:463,0
DA:472,0
DA:473,0
DA:509,0
DA:512,0
DA:525,0
DA:542,0
DA:548,0
DA:550,0
DA:559,0
DA:597,0
DA:608,0
DA:617,0
DA:641,0
DA:652,0
DA:661,0
LF:179
LH:0
BRDA:41,0,0,0
BRDA:41,0,1,0
BRDA:47,1,0,0
BRDA:47,1,1,0
BRDA:48,2,0,0
BRDA:48,2,1,0
BRDA:55,3,0,0
BRDA:55,3,1,0
BRDA:72,4,0,0
BRDA:72,4,1,0
BRDA:81,5,0,0
BRDA:81,5,1,0
BRDA:81,5,2,0
BRDA:81,5,3,0
BRDA:93,6,0,0
BRDA:93,6,1,0
BRDA:106,7,0,0
BRDA:106,7,1,0
BRDA:126,8,0,0
BRDA:126,8,1,0
BRDA:128,9,0,0
BRDA:128,9,1,0
BRDA:128,9,2,0
BRDA:161,10,0,0
BRDA:161,10,1,0
BRDA:167,11,0,0
BRDA:167,11,1,0
BRDA:174,12,0,0
BRDA:174,12,1,0
BRDA:174,12,2,0
BRDA:193,13,0,0
BRDA:193,13,1,0
BRDA:194,14,0,0
BRDA:194,14,1,0
BRDA:203,15,0,0
BRDA:203,15,1,0
BRDA:213,16,0,0
BRDA:213,16,1,0
BRDA:222,17,0,0
BRDA:222,17,1,0
BRDA:222,18,0,0
BRDA:222,18,1,0
BRDA:225,19,0,0
BRDA:225,19,1,0
BRDA:240,20,0,0
BRDA:240,20,1,0
BRDA:250,21,0,0
BRDA:250,21,1,0
BRDA:272,22,0,0
BRDA:272,22,1,0
BRDA:281,23,0,0
BRDA:281,23,1,0
BRDA:294,24,0,0
BRDA:294,24,1,0
BRDA:304,25,0,0
BRDA:304,25,1,0
BRDA:308,26,0,0
BRDA:308,26,1,0
BRDA:332,27,0,0
BRDA:332,27,1,0
BRDA:338,28,0,0
BRDA:338,28,1,0
BRDA:353,29,0,0
BRDA:353,29,1,0
BRDA:363,30,0,0
BRDA:363,30,1,0
BRDA:379,31,0,0
BRDA:379,31,1,0
BRDA:383,32,0,0
BRDA:383,32,1,0
BRDA:395,33,0,0
BRDA:395,33,1,0
BRDA:408,34,0,0
BRDA:408,34,1,0
BRDA:490,35,0,0
BRDA:490,35,1,0
BRDA:494,36,0,0
BRDA:494,36,1,0
BRDA:509,37,0,0
BRDA:509,37,1,0
BRDA:509,37,2,0
BRDA:533,38,0,0
BRDA:533,38,1,0
BRDA:551,39,0,0
BRDA:551,39,1,0
BRDA:555,40,0,0
BRDA:555,40,1,0
BRDA:590,41,0,0
BRDA:590,41,1,0
BRDA:634,42,0,0
BRDA:634,42,1,0
BRF:91
BRH:0
end_of_record
TN:
SF:src/components/google/drive/FileList.jsx
FN:11,(anonymous_0)
FN:27,(anonymous_1)
FN:34,(anonymous_2)
FN:35,(anonymous_3)
FN:48,(anonymous_4)
FN:55,(anonymous_5)
FNF:6
FNH:0
FNDA:0,(anonymous_0)
FNDA:0,(anonymous_1)
FNDA:0,(anonymous_2)
FNDA:0,(anonymous_3)
FNDA:0,(anonymous_4)
FNDA:0,(anonymous_5)
DA:5,0
DA:11,0
DA:19,0
DA:20,0
DA:23,0
DA:28,0
DA:34,0
DA:35,0
DA:48,0
DA:55,0
LF:10
LH:0
BRDA:12,0,0,0
BRDA:13,1,0,0
BRDA:14,2,0,0
BRDA:19,3,0,0
BRDA:19,3,1,0
BRDA:32,4,0,0
BRDA:32,4,1,0
BRF:7
BRH:0
end_of_record
TN:
SF:src/components/google/drive/FolderList.jsx
FN:11,(anonymous_0)
FN:26,(anonymous_1)
FN:33,(anonymous_2)
FN:34,(anonymous_3)
FNF:4
FNH:0
FNDA:0,(anonymous_0)
FNDA:0,(anonymous_1)
FNDA:0,(anonymous_2)
FNDA:0,(anonymous_3)
DA:5,0
DA:11,0
DA:18,0
DA:19,0
DA:22,0
DA:27,0
DA:33,0
DA:34,0
LF:8
LH:0
BRDA:12,0,0,0
BRDA:13,1,0,0
BRDA:14,2,0,0
BRDA:18,3,0,0
BRDA:18,3,1,0
BRDA:31,4,0,0
BRDA:31,4,1,0
BRF:7
BRH:0
end_of_record
TN:
SF:src/components/layout/ActionButton.jsx
FN:3,(anonymous_0)
FNF:1
FNH:0
FNDA:0,(anonymous_0)
DA:3,0
DA:4,0
LF:2
LH:0
BRDA:3,0,0,0
BRF:1
BRH:0
end_of_record
TN:
SF:src/components/layout/ConnectionItem.jsx
FN:3,(anonymous_0)
FNF:1
FNH:0
FNDA:0,(anonymous_0)
DA:3,0
DA:9,0
DA:16,0
DA:23,0
LF:4
LH:0
BRDA:6,0,0,0
BRDA:7,1,0,0
BRDA:30,2,0,0
BRDA:30,2,1,0
BRDA:32,3,0,0
BRDA:32,3,1,0
BRF:6
BRH:0
end_of_record
TN:
SF:src/components/layout/ConnectionSection.jsx
FN:4,(anonymous_0)
FN:22,(anonymous_1)
FN:37,(anonymous_2)
FNF:3
FNH:0
FNDA:0,(anonymous_0)
FNDA:0,(anonymous_1)
FNDA:0,(anonymous_2)
DA:4,0
DA:10,0
DA:11,0
DA:14,0
DA:23,0
DA:24,0
DA:25,0
DA:38,0
LF:8
LH:0
BRDA:5,0,0,0
BRDA:6,1,0,0
BRDA:8,2,0,0
BRDA:10,3,0,0
BRDA:10,3,1,0
BRDA:10,4,0,0
BRDA:10,4,1,0
BRDA:23,5,0,0
BRDA:23,5,1,0
BRDA:23,6,0,0
BRDA:23,6,1,0
BRDA:29,7,0,0
BRDA:29,7,1,0
BRDA:32,8,0,0
BRDA:32,8,1,0
BRDA:35,9,0,0
BRDA:35,9,1,0
BRDA:39,10,0,0
BRDA:39,10,1,0
BRF:19
BRH:0
end_of_record
TN:
SF:src/components/layout/HamburgerMenu.jsx
FN:3,(anonymous_0)
FNF:1
FNH:0
FNDA:0,(anonymous_0)
DA:3,0
DA:4,0
LF:2
LH:0
BRDA:3,0,0,0
BRDA:8,1,0,0
BRDA:8,1,1,0
BRF:3
BRH:0
end_of_record
TN:
SF:src/components/layout/Layout.jsx
FN:23,(anonymous_0)
FN:31,(anonymous_1)
FN:34,(anonymous_2)
FN:35,(anonymous_3)
FN:87,(anonymous_4)
FN:90,(anonymous_5)
FN:119,(anonymous_6)
FN:141,(anonymous_7)
FN:147,(anonymous_8)
FN:160,(anonymous_9)
FN:167,(anonymous_10)
FN:171,(anonymous_11)
FN:201,(anonymous_12)
FN:213,(anonymous_13)
FN:260,(anonymous_14)
FN:304,(anonymous_15)
FN:318,(anonymous_16)
FNF:17
FNH:0
FNDA:0,(anonymous_0)
FNDA:0,(anonymous_1)
FNDA:0,(anonymous_2)
FNDA:0,(anonymous_3)
FNDA:0,(anonymous_4)
FNDA:0,(anonymous_5)
FNDA:0,(anonymous_6)
FNDA:0,(anonymous_7)
FNDA:0,(anonymous_8)
FNDA:0,(anonymous_9)
FNDA:0,(anonymous_10)
FNDA:0,(anonymous_11)
FNDA:0,(anonymous_12)
FNDA:0,(anonymous_13)
FNDA:0,(anonymous_14)
FNDA:0,(anonymous_15)
FNDA:0,(anonymous_16)
DA:23,0
DA:24,0
DA:26,0
DA:27,0
DA:28,0
DA:29,0
DA:30,0
DA:31,0
DA:34,0
DA:35,0
DA:37,0
DA:38,0
DA:42,0
DA:43,0
DA:44,0
DA:47,0
DA:49,0
DA:53,0
DA:61,0
DA:63,0
DA:64,0
DA:68,0
DA:71,0
DA:82,0
DA:85,0
DA:87,0
DA:90,0
DA:91,0
DA:94,0
DA:95,0
DA:99,0
DA:100,0
DA:105,0
DA:106,0
DA:109,0
DA:110,0
DA:116,0
DA:119,0
DA:120,0
DA:121,0
DA:122,0
DA:123,0
DA:125,0
DA:127,0
DA:131,0
DA:132,0
DA:133,0
DA:134,0
DA:136,0
DA:141,0
DA:148,0
DA:149,0
DA:160,0
DA:167,0
DA:171,0
DA:172,0
DA:175,0
DA:177,0
DA:181,0
DA:183,0
DA:184,0
DA:190,0
DA:191,0
DA:193,0
DA:197,0
DA:201,0
DA:202,0
DA:203,0
DA:206,0
DA:213,0
DA:260,0
DA:305,0
DA:318,0
LF:73
LH:0
BRDA:37,0,0,0
BRDA:37,0,1,0
BRDA:42,1,0,0
BRDA:42,1,1,0
BRDA:43,2,0,0
BRDA:43,2,1,0
BRDA:49,3,0,0
BRDA:49,3,1,0
BRDA:49,3,2,0
BRDA:61,4,0,0
BRDA:61,4,1,0
BRDA:61,5,0,0
BRDA:61,5,1,0
BRDA:91,6,0,0
BRDA:91,6,1,0
BRDA:94,7,0,0
BRDA:94,7,1,0
BRDA:99,8,0,0
BRDA:99,8,1,0
BRDA:109,9,0,0
BRDA:109,9,1,0
BRDA:109,10,0,0
BRDA:109,10,1,0
BRDA:111,11,0,0
BRDA:111,11,1,0
BRDA:119,12,0,0
BRDA:125,13,0,0
BRDA:125,13,1,0
BRDA:177,14,0,0
BRDA:177,14,1,0
BRDA:177,14,2,0
BRDA:181,15,0,0
BRDA:181,15,1,0
BRDA:183,16,0,0
BRDA:183,16,1,0
BRDA:190,17,0,0
BRDA:190,17,1,0
BRDA:193,18,0,0
BRDA:193,18,1,0
BRDA:230,19,0,0
BRDA:230,19,1,0
BRDA:230,20,0,0
BRDA:230,20,1,0
BRDA:239,21,0,0
BRDA:239,21,1,0
BRDA:241,22,0,0
BRDA:241,22,1,0
BRDA:243,23,0,0
BRDA:243,23,1,0
BRDA:265,24,0,0
BRDA:265,24,1,0
BRDA:279,25,0,0
BRDA:279,25,1,0
BRF:53
BRH:0
end_of_record
TN:
SF:src/components/layout/LayoutConfigButton.jsx
FN:10,(anonymous_0)
FNF:1
FNH:0
FNDA:0,(anonymous_0)
DA:10,0
DA:11,0
LF:2
LH:0
BRF:0
BRH:0
end_of_record
TN:
SF:src/components/layout/LayoutConfigManager.jsx
FN:15,(anonymous_0)
FN:28,(anonymous_1)
FN:35,(anonymous_2)
FN:37,(anonymous_3)
FN:40,(anonymous_4)
FN:44,(anonymous_5)
FN:46,(anonymous_6)
FN:57,(anonymous_7)
FN:61,(anonymous_8)
FN:68,(anonymous_9)
FN:101,(anonymous_10)
FN:106,(anonymous_11)
FN:111,(anonymous_12)
FN:115,(anonymous_13)
FN:140,(anonymous_14)
FN:147,(anonymous_15)
FN:154,(anonymous_16)
FN:170,(anonymous_17)
FN:194,(anonymous_18)
FN:216,(anonymous_19)
FN:217,(anonymous_20)
FNF:21
FNH:0
FNDA:0,(anonymous_0)
FNDA:0,(anonymous_1)
FNDA:0,(anonymous_2)
FNDA:0,(anonymous_3)
FNDA:0,(anonymous_4)
FNDA:0,(anonymous_5)
FNDA:0,(anonymous_6)
FNDA:0,(anonymous_7)
FNDA:0,(anonymous_8)
FNDA:0,(anonymous_9)
FNDA:0,(anonymous_10)
FNDA:0,(anonymous_11)
FNDA:0,(anonymous_12)
FNDA:0,(anonymous_13)
FNDA:0,(anonymous_14)
FNDA:0,(anonymous_15)
FNDA:0,(anonymous_16)
FNDA:0,(anonymous_17)
FNDA:0,(anonymous_18)
FNDA:0,(anonymous_19)
FNDA:0,(anonymous_20)
DA:15,0
DA:23,0
DA:24,0
DA:25,0
DA:26,0
DA:28,0
DA:29,0
DA:35,0
DA:36,0
DA:37,0
DA:40,0
DA:41,0
DA:42,0
DA:43,0
DA:44,0
DA:45,0
DA:47,0
DA:50,0
DA:52,0
DA:55,0
DA:57,0
DA:58,0
DA:61,0
DA:62,0
DA:69,0
DA:70,0
DA:75,0
DA:101,0
DA:107,0
DA:112,0
DA:115,0
DA:140,0
DA:147,0
DA:154,0
DA:171,0
DA:195,0
DA:216,0
DA:218,0
LF:38
LH:0
BRDA:41,0,0,0
BRDA:41,0,1,0
BRDA:47,1,0,0
BRDA:47,1,1,0
BRDA:50,2,0,0
BRDA:50,2,1,0
BRDA:109,3,0,0
BRDA:109,3,1,0
BRDA:111,4,0,0
BRDA:111,4,1,0
BRDA:114,5,0,0
BRDA:114,5,1,0
BRDA:139,6,0,0
BRDA:139,6,1,0
BRDA:146,7,0,0
BRDA:146,7,1,0
BRDA:153,8,0,0
BRDA:153,8,1,0
BRDA:164,9,0,0
BRDA:164,9,1,0
BRDA:173,10,0,0
BRDA:173,10,1,0
BRDA:177,11,0,0
BRDA:177,11,1,0
BRDA:192,12,0,0
BRDA:192,12,1,0
BRDA:198,13,0,0
BRDA:198,13,1,0
BRDA:212,14,0,0
BRDA:212,14,1,0
BRDA:212,15,0,0
BRDA:212,15,1,0
BRDA:222,16,0,0
BRDA:222,16,1,0
BRDA:222,17,0,0
BRDA:222,17,1,0
BRF:36
BRH:0
end_of_record
TN:
SF:src/components/layout/NavItem.jsx
FN:4,(anonymous_0)
FN:48,(anonymous_1)
FNF:2
FNH:0
FNDA:0,(anonymous_0)
FNDA:0,(anonymous_1)
DA:4,0
DA:12,0
DA:14,0
DA:22,0
DA:34,0
DA:35,0
DA:43,0
DA:44,0
DA:48,0
DA:56,0
LF:10
LH:0
BRDA:9,0,0,0
BRDA:10,1,0,0
BRDA:16,2,0,0
BRDA:16,2,1,0
BRDA:17,3,0,0
BRDA:17,3,1,0
BRDA:26,4,0,0
BRDA:26,4,1,0
BRDA:26,4,2,0
BRDA:34,5,0,0
BRDA:34,5,1,0
BRDA:43,6,0,0
BRDA:43,6,1,0
BRF:13
BRH:0
end_of_record
TN:
SF:src/components/layout/NavSection.jsx
FN:4,(anonymous_0)
FN:12,(anonymous_1)
FNF:2
FNH:0
FNDA:0,(anonymous_0)
FNDA:0,(anonymous_1)
DA:4,0
DA:5,0
DA:6,0
DA:9,0
DA:13,0
DA:14,0
DA:16,0
LF:7
LH:0
BRDA:4,0,0,0
BRDA:5,1,0,0
BRDA:5,1,1,0
BRDA:5,2,0,0
BRDA:5,2,1,0
BRDA:13,3,0,0
BRDA:13,3,1,0
BRDA:13,3,2,0
BRDA:14,4,0,0
BRDA:14,4,1,0
BRDA:22,5,0,0
BRDA:22,5,1,0
BRF:12
BRH:0
end_of_record
TN:
SF:src/components/layout/layoutConfigData.js
FN:13,(anonymous_0)
FN:14,(anonymous_1)
FN:351,(anonymous_2)
FN:353,(anonymous_3)
FNF:4
FNH:0
FNDA:0,(anonymous_0)
FNDA:0,(anonymous_1)
FNDA:0,(anonymous_2)
FNDA:0,(anonymous_3)
DA:6,0
DA:13,0
DA:14,0
DA:19,0
DA:351,0
DA:352,0
DA:353,0
DA:354,0
DA:355,0
DA:356,0
DA:358,0
LF:11
LH:0
BRDA:354,0,0,0
BRDA:354,0,1,0
BRDA:355,1,0,0
BRDA:355,1,1,0
BRF:4
BRH:0
end_of_record
TN:
SF:src/components/layout/layoutData.js
FNF:0
FNH:0
DA:2,0
DA:31,0
DA:38,0
LF:3
LH:0
BRF:0
BRH:0
end_of_record
TN:
SF:src/components/layout/navigationData.js
FNF:0
FNH:0
DA:2,0
LF:1
LH:0
BRF:0
BRH:0
end_of_record
TN:
SF:src/components/modules/index.js
FNF:0
FNH:0
LF:0
LH:0
BRF:0
BRH:0
end_of_record
TN:
SF:src/components/nlp/NLPChatInterface.jsx
FN:32,(anonymous_0)
FN:46,(anonymous_1)
FN:50,(anonymous_2)
FN:54,(anonymous_3)
FN:64,(anonymous_4)
FN:82,(anonymous_5)
FN:96,(anonymous_6)
FN:102,(anonymous_7)
FN:177,(anonymous_8)
FN:221,(anonymous_9)
FN:271,(anonymous_10)
FNF:11
FNH:0
FNDA:0,(anonymous_0)
FNDA:0,(anonymous_1)
FNDA:0,(anonymous_2)
FNDA:0,(anonymous_3)
FNDA:0,(anonymous_4)
FNDA:0,(anonymous_5)
FNDA:0,(anonymous_6)
FNDA:0,(anonymous_7)
FNDA:0,(anonymous_8)
[...]
BRDA:81,13,0,0
BRDA:81,13,1,0
BRDA:83,14,0,0
BRDA:83,14,1,0
BRDA:107,15,0,0
BRDA:107,15,1,0
BRDA:109,16,0,0
BRDA:109,16,1,0
BRDA:114,17,0,0
BRDA:114,17,1,0
BRDA:130,18,0,0
BRDA:130,18,1,0
BRDA:133,19,0,0
BRDA:133,19,1,0
BRDA:141,20,0,0
BRDA:141,20,1,0
BRF:39
BRH:0
end_of_record
TN:
SF:src/shared/lib/dateUtils.js
FN:22,(anonymous_0)
FN:27,(anonymous_1)
FN:32,(anonymous_2)
FN:38,(anonymous_3)
FN:42,(anonymous_4)
FN:46,(anonymous_5)
FN:51,(anonymous_6)
FN:57,(anonymous_7)
FN:62,(anonymous_8)
FN:66,(anonymous_9)
FN:70,(anonymous_10)
FN:74,(anonymous_11)
FN:78,(anonymous_12)
FN:83,(anonymous_13)
FN:136,(anonymous_14)
FN:140,(anonymous_15)
FN:144,(anonymous_16)
FN:148,(anonymous_17)
FN:152,(anonymous_18)
FN:156,(anonymous_19)
FN:161,(anonymous_20)
FN:188,(anonymous_21)
FN:196,(anonymous_22)
FN:201,(anonymous_23)
FN:216,(anonymous_24)
FN:229,(anonymous_25)
FN:247,(anonymous_26)
FN:253,(anonymous_27)
FN:259,(anonymous_28)
FN:264,(anonymous_29)
FN:280,(anonymous_30)
FNF:31
FNH:0
FNDA:0,(anonymous_0)
FNDA:0,(anonymous_1)
FNDA:0,(anonymous_2)
FNDA:0,(anonymous_3)
FNDA:0,(anonymous_4)
FNDA:0,(anonymous_5)
FNDA:0,(anonymous_6)
FNDA:0,(anonymous_7)
FNDA:0,(anonymous_8)
FNDA:0,(anonymous_9)
FNDA:0,(anonymous_10)
FNDA:0,(anonymous_11)
FNDA:0,(anonymous_12)
FNDA:0,(anonymous_13)
FNDA:0,(anonymous_14)
FNDA:0,(anonymous_15)
FNDA:0,(anonymous_16)
FNDA:0,(anonymous_17)
FNDA:0,(anonymous_18)
FNDA:0,(anonymous_19)
FNDA:0,(anonymous_20)
FNDA:0,(anonymous_21)
FNDA:0,(anonymous_22)
FNDA:0,(anonymous_23)
FNDA:0,(anonymous_24)
FNDA:0,(anonymous_25)
FNDA:0,(anonymous_26)
FNDA:0,(anonymous_27)
FNDA:0,(anonymous_28)
FNDA:0,(anonymous_29)
FNDA:0,(anonymous_30)
DA:14,0
DA:15,0
DA:16,0
DA:17,0
DA:18,0
DA:19,0
DA:22,0
DA:23,0
DA:24,0
DA:27,0
DA:28,0
DA:29,0
DA:32,0
DA:33,0
DA:34,0
DA:38,0
DA:39,0
DA:42,0
DA:43,0
DA:46,0
DA:47,0
DA:51,0
DA:52,0
DA:53,0
DA:57,0
DA:58,0
DA:62,0
DA:63,0
DA:66,0
DA:67,0
DA:70,0
DA:71,0
DA:74,0
DA:75,0
DA:78,0
DA:79,0
DA:83,0
DA:84,0
DA:86,0
DA:88,0
DA:93,0
DA:98,0
DA:103,0
DA:108,0
DA:113,0
DA:118,0
DA:123,0
DA:128,0
DA:136,0
DA:137,0
DA:140,0
DA:141,0
DA:144,0
DA:145,0
DA:148,0
DA:149,0
DA:152,0
DA:153,0
DA:156,0
DA:157,0
DA:161,0
DA:162,0
DA:165,0
DA:176,0
DA:177,0
DA:178,0
DA:179,0
DA:184,0
DA:188,0
DA:189,0
DA:191,0
DA:192,0
DA:196,0
DA:197,0
DA:201,0
DA:202,0
DA:216,0
DA:217,0
DA:229,0
DA:230,0
DA:247,0
DA:248,0
DA:249,0
DA:253,0
DA:254,0
DA:255,0
DA:259,0
DA:260,0
DA:264,0
DA:265,0
DA:266,0
DA:267,0
DA:269,0
DA:270,0
DA:271,0
DA:273,0
DA:276,0
DA:280,0
DA:281,0
DA:283,0
DA:285,0
DA:290,0
DA:295,0
DA:300,0
DA:305,0
DA:310,0
LF:106
LH:0
BRDA:22,0,0,0
BRDA:23,1,0,0
BRDA:23,1,1,0
BRDA:27,2,0,0
BRDA:28,3,0,0
BRDA:28,3,1,0
BRDA:32,4,0,0
BRDA:33,5,0,0
BRDA:33,5,1,0
BRDA:52,6,0,0
BRDA:52,6,1,0
BRDA:86,7,0,0
BRDA:86,7,1,0
BRDA:86,7,2,0
BRDA:86,7,3,0
BRDA:86,7,4,0
BRDA:86,7,5,0
BRDA:86,7,6,0
BRDA:86,7,7,0
BRDA:86,7,8,0
BRDA:162,8,0,0
BRDA:162,8,1,0
BRDA:178,9,0,0
BRDA:178,9,1,0
BRDA:184,10,0,0
BRDA:184,10,1,0
BRDA:188,11,0,0
BRDA:189,12,0,0
BRDA:189,12,1,0
BRDA:191,13,0,0
BRDA:191,13,1,0
BRDA:270,14,0,0
BRDA:270,14,1,0
BRDA:270,15,0,0
BRDA:270,15,1,0
BRDA:280,16,0,0
BRDA:283,17,0,0
BRDA:283,17,1,0
BRDA:283,17,2,0
BRDA:283,17,3,0
BRDA:283,17,4,0
BRDA:283,17,5,0
BRF:42
BRH:0
end_of_record
TN:
SF:src/shared/lib/exportUtils.js
FN:8,(anonymous_0)
FN:47,(anonymous_1)
FN:68,(anonymous_2)
FN:80,(anonymous_3)
FN:86,(anonymous_4)
FN:112,(anonymous_5)
FN:124,(anonymous_6)
FN:131,(anonymous_7)
FN:136,(anonymous_8)
FN:138,(anonymous_9)
FNF:10
FNH:0
FNDA:0,(anonymous_0)
FNDA:0,(anonymous_1)
FNDA:0,(anonymous_2)
FNDA:0,(anonymous_3)
FNDA:0,(anonymous_4)
FNDA:0,(anonymous_5)
FNDA:0,(anonymous_6)
FNDA:0,(anonymous_7)
FNDA:0,(anonymous_8)
FNDA:0,(anonymous_9)
DA:8,0
DA:9,0
DA:13,0
DA:14,0
DA:47,0
DA:64,0
DA:65,0
DA:68,0
DA:69,0
DA:72,0
DA:74,0
DA:75,0
DA:80,0
DA:81,0
DA:85,0
DA:86,0
DA:87,0
DA:91,0
DA:94,0
DA:95,0
DA:97,0
DA:98,0
DA:99,0
DA:100,0
DA:101,0
DA:102,0
DA:104,0
DA:106,0
DA:107,0
DA:112,0
DA:113,0
DA:114,0
DA:117,0
DA:118,0
DA:119,0
DA:122,0
DA:123,0
DA:124,0
DA:125,0
DA:128,0
DA:131,0
DA:132,0
DA:133,0
DA:134,0
DA:135,0
DA:136,0
DA:137,0
DA:138,0
DA:140,0
DA:145,0
DA:148,0
DA:149,0
DA:151,0
DA:152,0
DA:153,0
DA:154,0
DA:155,0
DA:156,0
DA:158,0
DA:160,0
DA:161,0
LF:61
LH:0
BRDA:8,0,0,0
BRDA:52,1,0,0
BRDA:52,1,1,0
BRDA:80,2,0,0
BRDA:87,3,0,0
BRDA:87,3,1,0
BRDA:112,4,0,0
BRDA:125,5,0,0
BRDA:125,5,1,0
BRDA:133,6,0,0
BRDA:133,6,1,0
BRDA:133,7,0,0
BRDA:133,7,1,0
BRDA:138,8,0,0
BRDA:138,8,1,0
BRF:15
BRH:0
end_of_record
TN:
SF:src/shared/lib/fileUtils.js
FN:4,(anonymous_0)
FN:15,(anonymous_1)
FN:85,(anonymous_2)
FN:105,(anonymous_3)
FN:166,(anonymous_4)
FN:200,(anonymous_5)
FN:210,(anonymous_6)
FN:220,(anonymous_7)
FN:232,(anonymous_8)
FN:233,(anonymous_9)
FN:236,(anonymous_10)
FN:237,(anonymous_11)
FN:242,(anonymous_12)
FN:256,(anonymous_13)
FN:261,(anonymous_14)
FN:266,(anonymous_15)
FN:272,(anonymous_16)
FN:277,(anonymous_17)
FN:282,(anonymous_18)
FN:287,(anonymous_19)
FN:292,(anonymous_20)
FN:297,(anonymous_21)
FN:302,(anonymous_22)
FN:307,(anonymous_23)
FN:318,(anonymous_24)
FN:326,(anonymous_25)
FN:327,(anonymous_26)
FN:329,(anonymous_27)
FN:336,(anonymous_28)
FN:337,(anonymous_29)
FN:342,(anonymous_30)
FNF:31
FNH:0
FNDA:0,(anonymous_0)
FNDA:0,(anonymous_1)
FNDA:0,(anonymous_2)
FNDA:0,(anonymous_3)
FNDA:0,(anonymous_4)
FNDA:0,(anonymous_5)
FNDA:0,(anonymous_6)
FNDA:0,(anonymous_7)
FNDA:0,(anonymous_8)
FNDA:0,(anonymous_9)
FNDA:0,(anonymous_10)
FNDA:0,(anonymous_11)
FNDA:0,(anonymous_12)
FNDA:0,(anonymous_13)
FNDA:0,(anonymous_14)
FNDA:0,(anonymous_15)
FNDA:0,(anonymous_16)
FNDA:0,(anonymous_17)
FNDA:0,(anonymous_18)
FNDA:0,(anonymous_19)
FNDA:0,(anonymous_20)
FNDA:0,(anonymous_21)
FNDA:0,(anonymous_22)
FNDA:0,(anonymous_23)
FNDA:0,(anonymous_24)
FNDA:0,(anonymous_25)
FNDA:0,(anonymous_26)
FNDA:0,(anonymous_27)
FNDA:0,(anonymous_28)
FNDA:0,(anonymous_29)
FNDA:0,(anonymous_30)
DA:4,0
DA:5,0
DA:7,0
DA:8,0
DA:9,0
DA:11,0
DA:15,0
DA:16,0
DA:18,0
DA:81,0
DA:85,0
DA:86,0
DA:88,0
DA:101,0
DA:105,0
DA:106,0
DA:108,0
DA:162,0
DA:166,0
DA:171,0
DA:173,0
DA:176,0
DA:177,0
DA:181,0
DA:182,0
DA:186,0
DA:187,0
DA:188,0
DA:189,0
DA:193,0
DA:200,0
DA:202,0
DA:210,0
DA:211,0
DA:212,0
DA:213,0
DA:214,0
DA:216,0
DA:220,0
DA:221,0
DA:222,0
DA:223,0
DA:224,0
DA:225,0
DA:226,0
DA:227,0
DA:228,0
DA:232,0
DA:233,0
DA:234,0
DA:235,0
DA:236,0
DA:237,0
DA:242,0
DA:243,0
DA:244,0
DA:245,0
DA:246,0
DA:248,0
DA:249,0
DA:252,0
DA:256,0
DA:257,0
DA:261,0
DA:262,0
DA:266,0
DA:267,0
DA:268,0
DA:272,0
DA:273,0
DA:277,0
DA:278,0
DA:282,0
DA:283,0
DA:287,0
DA:288,0
DA:292,0
DA:293,0
DA:294,0
DA:297,0
DA:298,0
DA:299,0
DA:302,0
DA:303,0
DA:304,0
DA:307,0
DA:308,0
DA:309,0
DA:311,0
DA:312,0
DA:313,0
DA:318,0
DA:319,0
DA:320,0
DA:321,0
DA:326,0
DA:327,0
DA:328,0
DA:329,0
DA:330,0
DA:331,0
DA:336,0
DA:337,0
DA:338,0
DA:339,0
DA:340,0
DA:342,0
DA:343,0
DA:344,0
DA:345,0
DA:347,0
DA:349,0
DA:352,0
LF:113
LH:0
BRDA:5,0,0,0
BRDA:5,0,1,0
BRDA:5,1,0,0
BRDA:5,1,1,0
BRDA:81,2,0,0
BRDA:81,2,1,0
BRDA:101,3,0,0
BRDA:101,3,1,0
BRDA:162,4,0,0
BRDA:162,4,1,0
BRDA:166,5,0,0
BRDA:168,6,0,0
BRDA:169,7,0,0
BRDA:170,8,0,0
BRDA:176,9,0,0
BRDA:176,9,1,0
BRDA:181,10,0,0
BRDA:181,10,1,0
BRDA:181,11,0,0
BRDA:181,11,1,0
BRDA:186,12,0,0
BRDA:186,12,1,0
BRDA:188,13,0,0
BRDA:188,13,1,0
BRDA:312,14,0,0
BRDA:312,14,1,0
BRDA:320,15,0,0
BRDA:320,15,1,0
BRDA:336,16,0,0
BRDA:336,17,0,0
BRF:30
BRH:0
end_of_record
TN:
SF:src/shared/lib/importMetaEnv.jest.js
FN:4,(anonymous_0)
FN:18,(anonymous_1)
FNF:2
FNH:2
FNDA:80,(anonymous_0)
FNDA:80,(anonymous_1)
DA:4,1
DA:5,80
DA:6,15
DA:7,15
DA:9,65
DA:10,18
DA:11,18
DA:12,15
DA:15,1
DA:18,80
LF:10
LH:10
BRDA:5,0,0,15
BRDA:5,0,1,65
BRDA:7,1,0,15
BRDA:7,1,1,15
BRDA:7,1,2,15
BRDA:9,2,0,47
BRDA:9,2,1,18
BRDA:10,3,0,0
BRDA:10,3,1,18
BRDA:11,4,0,3
BRDA:11,4,1,15
BRDA:11,5,0,3
BRDA:11,5,1,0
BRDA:12,6,0,15
BRDA:12,6,1,15
BRDA:12,6,2,15
BRDA:18,7,0,80
BRDA:18,7,1,0
BRF:18
BRH:15
end_of_record
TN:
SF:src/shared/lib/importMetaEnv.js
FN:8,(anonymous_0)
FN:35,(anonymous_1)
FNF:2
FNH:0
FNDA:0,(anonymous_0)
FNDA:0,(anonymous_1)
DA:6,0
DA:8,0
DA:9,0
DA:10,0
DA:13,0
DA:14,0
DA:15,0
DA:18,0
DA:19,0
DA:21,0
DA:22,0
DA:24,0
DA:25,0
DA:28,0
DA:32,0
DA:36,0
DA:37,0
DA:39,0
LF:18
LH:0
BRDA:6,0,0,0
BRDA:6,0,1,0
BRDA:9,1,0,0
BRDA:9,1,1,0
BRDA:9,2,0,0
BRDA:9,2,1,0
BRDA:13,3,0,0
BRDA:13,3,1,0
BRDA:15,4,0,0
BRDA:15,4,1,0
BRDA:15,4,2,0
BRDA:18,5,0,0
BRDA:18,5,1,0
BRDA:19,6,0,0
BRDA:19,6,1,0
BRDA:21,7,0,0
BRDA:21,7,1,0
BRDA:22,8,0,0
BRDA:22,8,1,0
BRDA:24,9,0,0
BRDA:24,9,1,0
BRDA:25,10,0,0
BRDA:25,10,1,0
BRDA:25,10,2,0
BRDA:28,11,0,0
BRDA:28,11,1,0
BRDA:28,11,2,0
BRDA:36,12,0,0
BRDA:36,12,1,0
BRF:29
BRH:0
end_of_record
TN:
SF:src/shared/lib/lazyLoad.js
FN:25,(anonymous_0)
FN:69,(anonymous_1)
FN:73,(anonymous_2)
FN:87,(anonymous_3)
FN:92,(anonymous_4)
FN:93,(anonymous_5)
FN:99,(anonymous_6)
FN:100,(anonymous_7)
FN:109,(anonymous_8)
FN:120,(anonymous_9)
FNF:10
FNH:0
FNDA:0,(anonymous_0)
FNDA:0,(anonymous_1)
FNDA:0,(anonymous_2)
FNDA:0,(anonymous_3)
FNDA:0,(anonymous_4)
FNDA:0,(anonymous_5)
FNDA:0,(anonymous_6)
FNDA:0,(anonymous_7)
FNDA:0,(anonymous_8)
FNDA:0,(anonymous_9)
DA:10,0
DA:20,0
DA:25,0
DA:26,0
DA:69,0
DA:70,0
DA:71,0
DA:73,0
DA:74,0
DA:87,0
DA:92,0
DA:93,0
DA:94,0
DA:95,0
DA:97,0
DA:99,0
DA:100,0
DA:101,0
DA:107,0
DA:109,0
DA:110,0
DA:120,0
DA:121,0
LF:23
LH:0
BRDA:25,0,0,0
BRDA:69,1,0,0
BRDA:74,2,0,0
BRDA:74,2,1,0
BRDA:89,3,0,0
BRDA:90,4,0,0
BRDA:94,5,0,0
BRDA:94,5,1,0
BRDA:110,6,0,0
BRDA:110,6,1,0
BRF:10
BRH:0
end_of_record
TN:
SF:src/shared/lib/lodashUtils.js
FNF:0
FNH:0
LF:0
LH:0
BRF:0
BRH:0
end_of_record
TN:
SF:src/shared/lib/performanceMonitoring.js
FN:12,sendToAnalytics
FN:41,getSessionId
FN:51,initPerformanceMonitoring
FN:73,measureCustomMetrics
FN:75,(anonymous_4)
FN:77,(anonymous_5)
FN:100,trackAPIPerformance
FN:103,(anonymous_7)
FN:141,measureResourceTiming
FN:142,(anonymous_9)
FN:145,(anonymous_10)
FN:166,measureUserInteractions
FN:171,(anonymous_12)
FN:186,(anonymous_13)
FN:208,trackErrors
FN:210,(anonymous_15)
FN:224,(anonymous_16)
FN:236,withPerformanceTracking
FN:237,PerformanceTrackedComponent
FN:240,(anonymous_19)
FNF:20
FNH:0
FNDA:0,sendToAnalytics
FNDA:0,getSessionId
FNDA:0,initPerformanceMonitoring
FNDA:0,measureCustomMetrics
FNDA:0,(anonymous_4)
FNDA:0,(anonymous_5)
FNDA:0,trackAPIPerformance
FNDA:0,(anonymous_7)
FNDA:0,measureResourceTiming
FNDA:0,(anonymous_9)
FNDA:0,(anonymous_10)
FNDA:0,measureUserInteractions
FNDA:0,(anonymous_12)
FNDA:0,(anonymous_13)
FNDA:0,trackErrors
FNDA:0,(anonymous_15)
FNDA:0,(anonymous_16)
FNDA:0,withPerformanceTracking
FNDA:0,PerformanceTrackedComponent
FNDA:0,(anonymous_19)
DA:6,0
DA:9,0
DA:13,0
DA:26,0
DA:27,0
DA:29,0
DA:42,0
DA:43,0
DA:44,0
DA:45,0
DA:47,0
DA:53,0
DA:54,0
DA:55,0
DA:56,0
DA:57,0
DA:60,0
DA:63,0
DA:66,0
DA:69,0
DA:75,0
DA:76,0
DA:77,0
DA:78,0
DA:79,0
DA:80,0
DA:90,0
DA:93,0
DA:96,0
DA:101,0
DA:103,0
DA:104,0
DA:105,0
DA:107,0
DA:108,0
DA:109,0
DA:110,0
DA:112,0
DA:121,0
DA:123,0
DA:124,0
DA:126,0
DA:135,0
DA:142,0
DA:143,0
DA:145,0
DA:146,0
DA:147,0
DA:148,0
DA:150,0
DA:162,0
DA:167,0
DA:168,0
DA:171,0
DA:172,0
DA:174,0
DA:185,0
DA:186,0
DA:187,0
DA:191,0
DA:192,0
DA:194,0
DA:196,0
DA:210,0
DA:211,0
DA:224,0
DA:225,0
DA:237,0
DA:238,0
DA:240,0
DA:241,0
DA:242,0
DA:244,0
DA:253,0
LF:74
LH:0
BRDA:6,0,0,0
BRDA:6,0,1,0
BRDA:9,1,0,0
BRDA:9,1,1,0
BRDA:9,1,2,0
BRDA:26,2,0,0
BRDA:26,2,1,0
BRDA:43,3,0,0
BRDA:43,3,1,0
BRDA:78,4,0,0
BRDA:78,4,1,0
BRDA:117,5,0,0
BRDA:117,5,1,0
BRDA:131,6,0,0
BRDA:131,6,1,0
BRDA:146,7,0,0
BRDA:146,7,1,0
BRDA:156,8,0,0
BRDA:156,8,1,0
BRDA:191,9,0,0
BRDA:191,9,1,0
BRDA:194,10,0,0
BRDA:194,10,1,0
BRDA:230,11,0,0
BRDA:230,11,1,0
BRF:25
BRH:0
end_of_record
TN:
SF:src/shared/lib/routePreload.js
FN:6,(anonymous_0)
FN:7,(anonymous_1)
FN:8,(anonymous_2)
FN:9,(anonymous_3)
FN:10,(anonymous_4)
FN:11,(anonymous_5)
FN:13,(anonymous_6)
FN:14,(anonymous_7)
FN:15,(anonymous_8)
FN:16,(anonymous_9)
FN:18,(anonymous_10)
FN:20,(anonymous_11)
FN:21,(anonymous_12)
FN:26,(anonymous_13)
FNF:14
FNH:0
FNDA:0,(anonymous_0)
FNDA:0,(anonymous_1)
FNDA:0,(anonymous_2)
FNDA:0,(anonymous_3)
FNDA:0,(anonymous_4)
FNDA:0,(anonymous_5)
FNDA:0,(anonymous_6)
FNDA:0,(anonymous_7)
FNDA:0,(anonymous_8)
FNDA:0,(anonymous_9)
FNDA:0,(anonymous_10)
FNDA:0,(anonymous_11)
FNDA:0,(anonymous_12)
FNDA:0,(anonymous_13)
DA:5,0
DA:6,0
DA:7,0
DA:8,0
DA:9,0
DA:10,0
DA:12,0
DA:13,0
DA:14,0
DA:15,0
DA:17,0
DA:19,0
DA:20,0
DA:21,0
DA:24,0
DA:26,0
DA:27,0
DA:28,0
DA:29,0
DA:30,0
DA:31,0
LF:21
LH:0
BRDA:27,0,0,0
BRDA:27,0,1,0
BRDA:27,1,0,0
BRDA:27,1,1,0
BRDA:29,2,0,0
BRDA:29,2,1,0
BRF:6
BRH:0
end_of_record
TN:
SF:src/shared/lib/test-utils.js
FN:17,(anonymous_0)
FN:20,(anonymous_1)
FN:33,(anonymous_2)
FN:36,(anonymous_3)
FN:49,(anonymous_4)
FN:57,(anonymous_5)
FN:71,(anonymous_6)
FN:73,(anonymous_7)
FN:85,(anonymous_8)
FN:86,(anonymous_9)
FN:92,(anonymous_10)
FN:96,(anonymous_11)
FN:97,(anonymous_12)
FN:100,(anonymous_13)
FN:103,(anonymous_14)
FN:112,(anonymous_15)
FN:116,(anonymous_16)
FN:117,(anonymous_17)
FN:120,(anonymous_18)
FN:123,(anonymous_19)
FNF:20
FNH:0
FNDA:0,(anonymous_0)
FNDA:0,(anonymous_1)
FNDA:0,(anonymous_2)
FNDA:0,(anonymous_3)
FNDA:0,(anonymous_4)
FNDA:0,(anonymous_5)
FNDA:0,(anonymous_6)
FNDA:0,(anonymous_7)
FNDA:0,(anonymous_8)
FNDA:0,(anonymous_9)
FNDA:0,(anonymous_10)
FNDA:0,(anonymous_11)
FNDA:0,(anonymous_12)
FNDA:0,(anonymous_13)
FNDA:0,(anonymous_14)
FNDA:0,(anonymous_15)
FNDA:0,(anonymous_16)
FNDA:0,(anonymous_17)
FNDA:0,(anonymous_18)
FNDA:0,(anonymous_19)
DA:17,0
DA:18,0
DA:20,0
DA:21,0
DA:24,0
DA:33,0
DA:34,0
DA:36,0
DA:37,0
DA:40,0
DA:49,0
DA:55,0
DA:57,0
DA:58,0
DA:63,0
DA:71,0
DA:72,0
DA:73,0
DA:85,0
DA:86,0
DA:92,0
DA:93,0
DA:95,0
DA:96,0
DA:98,0
DA:101,0
DA:104,0
DA:112,0
DA:113,0
DA:115,0
DA:116,0
DA:118,0
DA:121,0
DA:124,0
LF:34
LH:0
BRDA:17,0,0,0
BRDA:18,1,0,0
BRDA:33,2,0,0
BRDA:34,3,0,0
BRDA:49,4,0,0
BRDA:52,5,0,0
BRDA:53,6,0,0
BRDA:71,7,0,0
BRDA:85,8,0,0
BRDA:96,9,0,0
BRDA:96,9,1,0
BRDA:116,10,0,0
BRDA:116,10,1,0
BRF:13
BRH:0
end_of_record
TN:
SF:src/shared/lib/validators.js
FN:4,(anonymous_0)
FN:10,(anonymous_1)
FN:16,(anonymous_2)
FN:26,(anonymous_3)
FN:32,(anonymous_4)
FN:38,(anonymous_5)
FN:43,(anonymous_6)
FN:48,(anonymous_7)
FN:53,(anonymous_8)
FN:58,(anonymous_9)
FN:66,(anonymous_10)
FN:72,(anonymous_11)
FN:95,(anonymous_12)
FN:101,(anonymous_13)
FN:107,(anonymous_14)
FN:113,(anonymous_15)
FN:118,(anonymous_16)
FN:123,(anonymous_17)
FN:128,(anonymous_18)
FN:133,(anonymous_19)
FN:138,(anonymous_20)
FN:144,(anonymous_21)
FN:150,(anonymous_22)
FN:156,(anonymous_23)
FN:163,(anonymous_24)
FN:230,(anonymous_25)
FN:241,(anonymous_26)
FN:242,(anonymous_27)
FN:250,(anonymous_28)
FN:255,(anonymous_29)
FN:260,(anonymous_30)
FN:265,(anonymous_31)
FN:270,(anonymous_32)
FN:275,(anonymous_33)
FN:280,(anonymous_34)
FN:287,(anonymous_35)
FN:294,(anonymous_36)
FN:299,(anonymous_37)
FN:304,(anonymous_38)
FNF:39
FNH:0
FNDA:0,(anonymous_0)
FNDA:0,(anonymous_1)
FNDA:0,(anonymous_2)
FNDA:0,(anonymous_3)
FNDA:0,(anonymous_4)
FNDA:0,(anonymous_5)
FNDA:0,(anonymous_6)
FNDA:0,(anonymous_7)
FNDA:0,(anonymous_8)
FNDA:0,(anonymous_9)
FNDA:0,(anonymous_10)
FNDA:0,(anonymous_11)
FNDA:0,(anonymous_12)
FNDA:0,(anonymous_13)
FNDA:0,(anonymous_14)
FNDA:0,(anonymous_15)
FNDA:0,(anonymous_16)
FNDA:0,(anonymous_17)
FNDA:0,(anonymous_18)
FNDA:0,(anonymous_19)
FNDA:0,(anonymous_20)
FNDA:0,(anonymous_21)
FNDA:0,(anonymous_22)
FNDA:0,(anonymous_23)
FNDA:0,(anonymous_24)
FNDA:0,(anonymous_25)
FNDA:0,(anonymous_26)
FNDA:0,(anonymous_27)
FNDA:0,(anonymous_28)
FNDA:0,(anonymous_29)
FNDA:0,(anonymous_30)
FNDA:0,(anonymous_31)
FNDA:0,(anonymous_32)
FNDA:0,(anonymous_33)
FNDA:0,(anonymous_34)
FNDA:0,(anonymous_35)
FNDA:0,(anonymous_36)
FNDA:0,(anonymous_37)
FNDA:0,(anonymous_38)
DA:4,0
DA:5,0
DA:6,0
DA:10,0
DA:11,0
DA:12,0
DA:16,0
DA:17,0
DA:18,0
DA:19,0
DA:21,0
DA:26,0
DA:27,0
DA:28,0
DA:32,0
DA:33,0
DA:34,0
DA:38,0
DA:39,0
DA:43,0
DA:44,0
DA:48,0
DA:49,0
DA:53,0
DA:54,0
DA:58,0
DA:59,0
DA:60,0
DA:62,0
DA:66,0
DA:67,0
DA:68,0
DA:72,0
DA:73,0
DA:74,0
DA:75,0
DA:76,0
DA:77,0
DA:79,0
DA:95,0
DA:96,0
DA:97,0
DA:101,0
DA:102,0
DA:103,0
DA:107,0
DA:108,0
DA:109,0
DA:113,0
DA:114,0
DA:118,0
DA:119,0
DA:123,0
DA:124,0
DA:128,0
DA:129,0
DA:133,0
DA:134,0
DA:138,0
DA:139,0
DA:140,0
DA:144,0
DA:145,0
DA:146,0
DA:150,0
DA:151,0
DA:152,0
DA:156,0
DA:158,0
DA:159,0
DA:163,0
DA:164,0
DA:166,0
DA:167,0
DA:168,0
DA:170,0
DA:171,0
DA:173,0
DA:175,0
DA:177,0
DA:178,0
DA:180,0
DA:181,0
DA:183,0
DA:184,0
DA:186,0
DA:187,0
DA:189,0
DA:190,0
DA:192,0
DA:193,0
DA:195,0
DA:196,0
DA:198,0
DA:199,0
DA:201,0
DA:202,0
DA:204,0
DA:205,0
DA:207,0
DA:208,0
DA:210,0
DA:211,0
DA:213,0
DA:216,0
DA:217,0
DA:218,0
DA:223,0
DA:230,0
DA:231,0
DA:233,0
DA:241,0
DA:242,0
DA:249,0
DA:250,0
DA:255,0
DA:260,0
DA:265,0
DA:270,0
DA:275,0
DA:280,0
DA:287,0
DA:294,0
DA:299,0
DA:304,0
LF:125
LH:0
BRDA:39,0,0,0
BRDA:39,0,1,0
BRDA:49,1,0,0
BRDA:49,1,1,0
BRDA:54,2,0,0
BRDA:54,2,1,0
BRDA:59,3,0,0
BRDA:59,3,1,0
BRDA:62,4,0,0
BRDA:62,4,1,0
BRDA:62,4,2,0
BRDA:66,5,0,0
BRDA:66,6,0,0
BRDA:67,7,0,0
BRDA:67,7,1,0
BRDA:68,8,0,0
BRDA:68,8,1,0
BRDA:81,9,0,0
BRDA:81,9,1,0
BRDA:81,9,2,0
BRDA:81,9,3,0
BRDA:81,9,4,0
BRDA:114,10,0,0
BRDA:114,10,1,0
BRDA:114,10,2,0
BRDA:119,11,0,0
BRDA:119,11,1,0
BRDA:119,11,2,0
BRDA:129,12,0,0
BRDA:129,12,1,0
BRDA:134,13,0,0
BRDA:134,13,1,0
BRDA:134,13,2,0
BRDA:140,14,0,0
BRDA:140,14,1,0
BRDA:175,15,0,0
BRDA:175,15,1,0
BRDA:175,15,2,0
BRDA:175,15,3,0
BRDA:175,15,4,0
BRDA:175,15,5,0
BRDA:175,15,6,0
BRDA:175,15,7,0
BRDA:175,15,8,0
BRDA:175,15,9,0
BRDA:175,15,10,0
BRDA:175,15,11,0
BRDA:175,15,12,0
BRDA:210,16,0,0
BRDA:210,16,1,0
BRDA:216,17,0,0
BRDA:216,17,1,0
BRDA:231,18,0,0
BRDA:231,18,1,0
BRDA:250,19,0,0
BRDA:255,20,0,0
BRDA:260,21,0,0
BRDA:265,22,0,0
BRDA:270,23,0,0
BRDA:275,24,0,0
BRDA:284,25,0,0
BRDA:284,25,1,0
BRDA:291,26,0,0
BRDA:291,26,1,0
BRDA:294,27,0,0
BRDA:299,28,0,0
BRF:66
BRH:0
end_of_record
TN:
SF:src/shared/services/index.js
FNF:0
FNH:0
LF:0
LH:0
BRF:0
BRH:0
end_of_record
TN:
SF:src/store/actionTypes.js
FNF:0
FNH:0
DA:2,0
LF:1
LH:0
BRF:0
BRH:0
end_of_record
TN:
SF:src/store/store.js
FNF:0
FNH:0
DA:15,0
DA:22,0
DA:31,0
DA:34,0
DA:37,0
LF:5
LH:0
BRF:0
BRH:0
end_of_record
TN:
SF:src/store/actions/authActions.js
FN:8,(anonymous_0)
FN:9,(anonymous_1)
FNF:2
FNH:0
FNDA:0,(anonymous_0)
FNDA:0,(anonymous_1)
DA:8,0
DA:9,0
DA:10,0
DA:12,0
DA:14,0
DA:17,0
DA:20,0
DA:25,0
DA:28,0
DA:29,0
DA:30,0
DA:33,0
DA:35,0
DA:37,0
DA:40,0
DA:44,0
DA:45,0
DA:46,0
DA:47,0
DA:48,0
DA:50,0
LF:21
LH:0
BRDA:8,0,0,0
BRDA:14,1,0,0
BRDA:14,1,1,0
BRF:3
BRH:0
end_of_record
TN:
SF:src/store/reducers/alertsReducer.js
FN:9,(anonymous_0)
FN:31,(anonymous_1)
FNF:2
FNH:0
FNDA:0,(anonymous_0)
FNDA:0,(anonymous_1)
DA:3,0
DA:9,0
DA:10,0
DA:12,0
DA:21,0
DA:29,0
DA:31,0
DA:36,0
DA:44,0
LF:9
LH:0
BRDA:9,0,0,0
BRDA:10,1,0,0
BRDA:10,1,1,0
BRDA:10,1,2,0
BRDA:10,1,3,0
BRDA:14,2,0,0
BRDA:14,2,1,0
BRF:7
BRH:0
end_of_record
TN:
SF:src/store/reducers/authReducer.js
FN:15,(anonymous_0)
FNF:1
FNH:0
FNDA:0,(anonymous_0)
DA:3,0
DA:15,0
DA:16,0
DA:18,0
DA:25,0
DA:41,0
DA:50,0
DA:55,0
LF:8
LH:0
BRDA:15,0,0,0
BRDA:16,1,0,0
BRDA:16,1,1,0
BRDA:16,1,2,0
BRDA:16,1,3,0
BRDA:16,1,4,0
BRF:6
BRH:0
end_of_record
TN:
SF:src/store/reducers/dashboardReducer.js
FN:27,(anonymous_0)
FNF:1
FNH:0
FNDA:0,(anonymous_0)
DA:3,0
DA:27,0
DA:28,0
DA:30,0
DA:37,0
DA:49,0
DA:55,0
LF:7
LH:0
BRDA:27,0,0,0
BRDA:28,1,0,0
BRDA:28,1,1,0
BRDA:28,1,2,0
BRDA:28,1,3,0
BRF:5
BRH:0
end_of_record
TN:
SF:src/store/reducers/driveReducer.js
FN:13,(anonymous_0)
FNF:1
FNH:0
FNDA:0,(anonymous_0)
DA:3,0
DA:13,0
DA:14,0
DA:16,0
DA:23,0
DA:34,0
DA:41,0
DA:48,0
DA:56,0
DA:63,0
LF:10
LH:0
BRDA:13,0,0,0
BRDA:14,1,0,0
BRDA:14,1,1,0
BRDA:14,1,2,0
BRDA:14,1,3,0
BRDA:14,1,4,0
BRDA:14,1,5,0
BRDA:14,1,6,0
BRF:8
BRH:0
end_of_record
TN:
SF:src/store/reducers/sheetsReducer.js
FN:12,(anonymous_0)
FNF:1
FNH:0
FNDA:0,(anonymous_0)
DA:3,0
DA:12,0
DA:13,0
DA:15,0
DA:22,0
DA:32,0
DA:39,0
DA:46,0
LF:8
LH:0
BRDA:12,0,0,0
BRDA:13,1,0,0
BRDA:13,1,1,0
BRDA:13,1,2,0
BRDA:13,1,3,0
BRDA:13,1,4,0
BRF:6
BRH:0
end_of_record
TN:
SF:src/widgets/AppLayout/index.js
FNF:0
FNH:0
LF:0
LH:0
BRF:0
BRH:0
end_of_record
